[2025-05-13T15:39:11.294783+02:00] INFO: 2FA start {"ip":"::*","username":"kevin","user_id":6}
[2025-05-13T15:39:35.443450+02:00] INFO: 2FA start {"ip":"::*","username":"kevin","user_id":6}
[2025-05-13T15:39:35.472413+02:00] ERROR: 2FA-Verifizierung fehlgeschlagen {"error":"Entschlüsselung fehlgeschlagen: This HiddenString object cannot be inlined as a string."}
[2025-05-13T15:47:24.290892+02:00] INFO: 2FA start {"ip":"::*","username":"kevin","user_id":6}
[2025-05-13T15:47:35.288139+02:00] INFO: 2FA start {"ip":"::*","username":"kevin","user_id":6}
[2025-05-13T15:47:35.316414+02:00] ERROR: 2FA-Verifizierung fehlgeschlagen {"error":"2FA-Secret konnte nicht geladen werden."}
[2025-05-13T15:52:39.206765+02:00] INFO: 2FA start {"ip":"::*","username":"kevin","user_id":6}
[2025-05-13T15:52:45.462654+02:00] INFO: 2FA start {"ip":"::*","username":"kevin","user_id":6}
[2025-05-13T15:52:45.491449+02:00] ERROR: 2FA-Verifizierung fehlgeschlagen {"error":"2FA-Secret konnte nicht geladen werden."}
[2025-05-13T15:56:55.309861+02:00] INFO: 2FA start {"ip":"::*","username":"kevin","user_id":6}
[2025-05-13T15:57:06.458835+02:00] INFO: 2FA start {"ip":"::*","username":"kevin","user_id":6}
[2025-05-13T15:57:06.486628+02:00] ERROR: 2FA-Verifizierung fehlgeschlagen {"error":"2FA-Secret konnte nicht geladen werden."}
[2025-05-13T16:05:50.927971+02:00] INFO: 2FA start {"ip":"::*","username":"kevin","user_id":6}
[2025-05-13T16:06:00.063709+02:00] INFO: 2FA start {"ip":"::*","username":"kevin","user_id":6}
[2025-05-13T16:06:00.092082+02:00] ERROR: 2FA-Verifizierung fehlgeschlagen {"error":"2FA-Secret konnte nicht geladen werden."}
[2025-05-13T16:12:45.432647+02:00] INFO: 2FA start {"ip":"::*","username":"kevin","user_id":6}
[2025-05-13T16:12:52.742365+02:00] INFO: 2FA start {"ip":"::*","username":"kevin","user_id":6}
[2025-05-13T16:12:52.771116+02:00] ERROR: 2FA-Verifizierung fehlgeschlagen {"error":"2FA-Secret konnte nicht geladen werden."}
[2025-05-13T16:13:12.372161+02:00] INFO: 2FA start {"ip":"::*","username":"kevin","user_id":6}
[2025-05-13T16:13:12.426479+02:00] WARNING: 2FA code invalid {"user":"kevin","ip":"::*"}
[2025-05-13T16:13:19.569727+02:00] INFO: 2FA start {"ip":"::*","username":"kevin","user_id":6}
[2025-05-13T16:13:19.625403+02:00] INFO: 2FA success {"user":"kevin","ip":"::*"}
[2025-05-13T16:13:41.506681+02:00] INFO: 2FA start {"ip":"::*","username":"kevin","user_id":6}
[2025-05-13T16:13:51.761914+02:00] INFO: 2FA start {"ip":"::*","username":"kevin","user_id":6}
[2025-05-13T16:13:51.817655+02:00] INFO: 2FA success {"user":"kevin","ip":"::*"}
[2025-05-13T16:14:24.591088+02:00] INFO: 2FA start {"ip":"::*","username":"kevin","user_id":6}
[2025-05-13T16:16:56.433707+02:00] INFO: 2FA start {"ip":"::*","username":"kevin","user_id":6}
[2025-05-13T16:17:08.819893+02:00] INFO: 2FA start {"ip":"::*","username":"kevin","user_id":6}
[2025-05-13T16:18:01.394150+02:00] INFO: 2FA start {"ip":"::*","username":"kevin","user_id":6}
[2025-05-13T16:18:16.447993+02:00] INFO: 2FA start {"ip":"::*","username":"kevin","user_id":6}
[2025-05-13T16:18:16.502012+02:00] INFO: 2FA success {"user":"kevin","ip":"::*"}
[2025-05-13T16:19:56.141289+02:00] INFO: 2FA start {"ip":"::*","username":"kevin","user_id":6}
[2025-05-13T16:20:28.935458+02:00] INFO: 2FA start {"ip":"::*","username":"kevin","user_id":6}
[2025-05-13T16:20:35.345525+02:00] INFO: 2FA start {"ip":"::*","username":"kevin","user_id":6}
[2025-05-13T16:20:56.171356+02:00] INFO: 2FA start {"ip":"::*","username":"kevin","user_id":6}
[2025-05-13T16:20:56.227270+02:00] INFO: 2FA success {"user":"kevin","ip":"::*"}
[2025-05-13T16:27:05.878997+02:00] INFO: 2FA start {"ip":"::*","username":"kevin","user_id":6}
[2025-05-13T16:27:17.983917+02:00] INFO: 2FA start {"ip":"::*","username":"kevin","user_id":6}
[2025-05-13T16:27:18.039476+02:00] INFO: 2FA success {"user":"kevin","ip":"::*"}
[2025-05-13T16:30:45.134352+02:00] INFO: 2FA start {"ip":"::*","username":"kevin","user_id":6}
[2025-05-13T16:30:52.066364+02:00] INFO: 2FA start {"ip":"::*","username":"kevin","user_id":6}
[2025-05-13T16:30:52.123084+02:00] INFO: 2FA success {"user":"kevin","ip":"::*"}
[2025-05-13T16:32:18.227222+02:00] INFO: 2FA start {"ip":"::*","username":"kevin","user_id":6}
[2025-05-13T16:32:26.626686+02:00] INFO: 2FA start {"ip":"::*","username":"kevin","user_id":6}
[2025-05-13T16:32:26.683640+02:00] INFO: 2FA success {"user":"kevin","ip":"::*"}
[2025-05-13T16:37:38.445871+02:00] INFO: 2FA start {"ip":"::*","username":"kevin","user_id":6}
[2025-05-13T16:37:50.686690+02:00] INFO: 2FA start {"ip":"::*","username":"kevin","user_id":6}
[2025-05-13T16:37:50.742827+02:00] INFO: 2FA success {"user":"kevin","ip":"::*"}
[2025-05-13T16:39:44.613191+02:00] INFO: 2FA start {"ip":"::*","username":"kevin","user_id":6}
[2025-05-13T16:39:59.238214+02:00] INFO: 2FA start {"ip":"::*","username":"kevin","user_id":6}
[2025-05-13T16:39:59.293875+02:00] INFO: 2FA success {"user":"kevin","ip":"::*"}
[2025-05-13T16:44:25.347278+02:00] INFO: 2FA start {"ip":"::*","username":"kevin","user_id":6}
[2025-05-13T16:44:39.203979+02:00] INFO: 2FA start {"ip":"::*","username":"kevin","user_id":6}
[2025-05-13T16:44:39.259085+02:00] INFO: 2FA success {"user":"kevin","ip":"::*"}
[2025-05-13T16:44:57.038114+02:00] INFO: 2FA start {"ip":"::*","username":"kevin","user_id":6}
[2025-05-13T16:45:05.165020+02:00] INFO: 2FA start {"ip":"::*","username":"kevin","user_id":6}
[2025-05-13T16:45:05.219631+02:00] INFO: 2FA success {"user":"kevin","ip":"::*"}
