2025-05-06T16:51:48+02:00 [API] URL: https://www.google.com/recaptcha/api/siteverify?secret=&response=03AFcWeA4B_JWnoU_5-xF6KJYFf0st-bxDFlAT_TSfseadlQmSmbPCImebRimPaZvh1ndNW6l0ZbTdWfyohK_j2Xzy7eVWqVqpZ9AQDLItl3KnB9I3uiH6Eu8zfFZc22UA4RgHcvfuBsfW-Ga0cu8ZADHLKWSu8zVql4dn20zdwuLUTYhHXJJx1kl9wpr0XseUSNBqb8IwHOXIRASpvogMkAUmFmcJ7h0fUVaZja_5TeJncRHcYPnc5WIQ8IpKiXI53Fkyp6mebH4-yv2CD_AE6WxEOSFrr8o1v8SKMddkqd9osvishg6ggqo97BN-fOGkws_iI7eeOMwRCmeQ6tT7vl0Roimkewg8Dhva48SPAhNymN4CFNQQSIktMh3Kwb_KYF59JD6ijDyxtxTUdV4lHR6_mEMM7V3_5Cz89T3PnH8XXt3s-qi_PTcGNSkSmoOgq_AHMZ8tPB2V-DJmvv0yGSt7vCJP-aE3f4AjGMvRuhVmR0xnfR6Zjrc_bmT-mPtG8iybRNtmWifcRoojQItIHcULs29M-9PLMyodGs8WfX6FhqdRCoWV5DnS20LFOsgW_Dcu45NeOhkWQvuUWGTyUMT8rL0FA9ubU2bPcUD34LwTxWSveLUgxMB0GMGto70k_B0GH9Bz0dVd5EBFzE6vGLqHBryLu3vnA-yV60d0dKlDFbkBirwsSFgdxDkXHWPdpDu0WvkctaYAhgEls6Rm7QXc8LMxS9yyle-zpnP8kKoYGEgPZJ_RVO8jL4V1elNE8HuxIVQRmG0FmAaLYGRK2BEjX-Go7M2iwWhXBNtHnIbkehTtDBCJqL83O_FLWcf2LkYZNXqQokVKDoKda76osSHOuXmkUnmZSfuuZP0OZ0VKlEiey7tzr5vpzeLq9lL03zXDlqVmlaDHzvM6Jhn0weiUvzNzUV_AHOzfALS3_Czp9hla6oeQfY2k3DMF-VP20lheBrEFO6AsbrKj0Nayt4pl3b1_dOnWsj-e0GXUIen1S-kGp--Dp-LuXDuYKq25OcEvBp0P-bECXfTdftazZqRIatsPu-qY830zRj1jymK8MrQmgEpn6_1pdRzPIgRT8zITEMOx_aURgNRAJ3p2ZAhdiS8ioG0XOAsii4n9LnqSzttV-DxdE-mEJyeTvS5HtNV4LQgKrooFuVUpt_BtAA7Gh3sRQDzxf7Vht9I7M2Ol_tUKgCA4dqZ9u5Y10IF2xaXZmH1XY0IaLXNg5XB9hJLVBv7InQQ4hrjoWA2jMiLQ-FLuKz1Ymld5ncmVe6P1es9x6kUWTpWijKalvMc34YHCn2U64pQUry2Dfp4_P9OWd6AK15glZWarHPSx0aCThel9EzuGLrPMfBbSLAK5xq1fxtohvOaiBssPccdcw-pkvPKcXl8nGaYabdV9QJ4PsBrZ-rcVvXJgO-RbkDP14bm1FY2cBeub3daervvE5h6CdSuoyZj2pGVBYEQ044dFsFwlG01TJP-UFnRzwWCoGt4A2qKbgkcgvI2sumgPZvH4QMkbYREmLNiJ7RxwPe7H-Lx7kLIgZXwB35S_e8jO84W-xGq5o9v_b4sRP07TwuRjyI61s5NyHz6noPPjz_VRleSPsLWpejQ13N6X7i2NqekmE8Y64M-Dl6yyDgZSeyrZq5SssNQwc_LSGVLx2sIwPcdAFvK1AMpILAMAGXzjK-xHpgmXouA2sd13x_BI1bQbt3BrMTUUSOdCPUnIRinrpg9L2vWx-_LziMo8eGfO-PKlwuHZDoAeflBerZC_M_1GNpWwoKIy5WJLZ2vsbaahKtGrBGvauPe3UbVPHgEpp1QQ6OpgcrpQJygDMsDTuX2tzgMZa8DGU2_yk8pqRY6QQGyDGzQwjnhAZfW-khcX5A5M-eJPNVgBKfYhV9SOxta6V_b79pMjlFKNAmlLTW2gUYaclXM00djbzDvK14IkJaaMJwYM77oOEtN44z0AmWb5J7cF_L5wS4h2lBNgww9MH1mJfyFoOv4oGrNeQeRiPtXGFWPF4_fZ0ptMFV7lrpE41QCvkXmW19Rghqdt8rzzzgIwNxt9aYF24GAyC_pXVxr7U3xTpaXikp158k62tbvd6TyXQWpGNMT5x4f1ikgRYTqc2ZpQX1FAvhT1iVU8LId_d_dQmrI01IuUnrNwl4KaaCUxTmtfrv_bnJPvMhXCyYdgGj7U-ES8&remoteip=2003%3Af1%3A1f28%3A4b00%3A70c5%3Ac91d%3A30ca%3Af827
2025-05-06T16:51:48+02:00 [API] Response: Array
(
    [success] => 
    [error-codes] => Array
        (
            [0] => invalid-input-response
        )

)

2025-05-06T16:51:48+02:00 [FAIL] reason=success!=
2025-05-06T16:54:39+02:00 [API] URL: https://www.google.com/recaptcha/api/siteverify?secret=6LfN_i8rAAAAAKn8A4M_-DphoTcjpqBKqY6LweWv&response=03AFcWeA75BmooLv6jmwiSJ3ShXMHlkftnRQ2u1qwSqWxt2srG5YYBzx7d03MCVxh3dcdLGj6OgL0CxZkSUVTMWmc6Lq6mGf7hrsmDqxtYq8GWKsZbw3OLKYTXjeoArx0ac-t14L3tbnOgnALdwVX-doQi_MBgTp_tw7UGp1huL7xj-616P9Rrzuq_DArdJHtA16f6VllFgvrcUYD8-P_v3RlZ-Jk0rcNTG8pJbhzKzyUtLl2Zz-D6NhT7uYrCPUBoK1QNx0UYaQL9h74gIX6l4z_iK7x4x1V7VxUBBnFbjykSqd1g02Dl-lVAisTZ_OfKIySlpcZqtYkMEJahJu2GGkH1rbA2za8Ypir_7sRj3aohPkS5Ifx1ipC_3RrRbu750GQ9nT5c8PAK01PJJn3IFMr0YHXe81SIY5Txncf9p4qCusI5YN4V8cvwUFw_8mFAPnUjdoO061bpBIiwdl2-g3QzABlEhxlaeGgC4cVakPwpNBmBx3NpNYH5IaZQUKmKSfVNT3q79aY9ZMeFOH-TcZOdAxFGCN0m20wyOf5QelH2o-GIiaz5Q_y7EuhhRBjsqTdqSUGnsbpeyjaPOm4l2h32zDjACZByuWEIsSaiMxptsgqCdMXXSB7Cmu3mlwRvwI3UF9ShnCCHcU2K-UEPkjxF-bpBKRYoif4eIfI50h8FPSQ9zi9b0EKYUdv-j17oikYyCjjNUoh1tvsioReyrT27-WsX0TGAGwhOiRk9h3KzCyzJhnRR-yCtVYWFQCt2gDQlxSak-BGKpKEicWeSza4X8uYk3lZ1I-21zDxxolpLTdL-BmXtaLBqSzeJotiRcBG5hnArOKERF1I1EZvc25UR2zShtg_u-t6joH7JuSGTHfxnT9e1xCt-iK4KCYVzGoaJGfivU3v19S6d9WMtLEKnVT7wLK_Il-NftfUqDPe6Y_0x96dauyUcDBgwbkdGRCcWoIDiF7HqvaHnH_fV0HgRVIX58vhO7ar1dA2t-rde8EJ4Dva5_2ZuyUQ6TDUr1UCbpo-ShXRypql6szfzi0CJyydPShDwg1ef5DlFMlY_tDZxdmd3hF99aVEh-BuYal_6MDf2RGwB9rJdhpKZWmtlfuIecGSnn-EK5F8ji9TxB-FfJpDczpcrnr5TcYKg5GJ1yK6YGVXYJ1bNXouI0vBbxjDTxGpm0sbpSbQbcc194Xp6YelV8t9FnI9gi_mx7FKTqs0E5Tzdxw_iVWHkzy1u9RkJ8dpHj8UJVKYNhRDEZXCrQf9AfvABr8zlrtaexXZanxdMWwDItpDVZkpG97Cwdjt4P8VVlD0x9lP30k5zA1GzyOOtamgGglhB9DwmGhluijl75px-nO907bBjMH1ETEZ4J9rEnrxRKFDy3lmlFgvHvclshh1SlREh0abcJSUqoLvVwDlfgGfOP0xOkjrrQ_R3LhtPgJdVEwfXU0wBspqji3kA1hmTPSH21r4utRwwKJ-ALqsUdtgF6Ag44PkX-_rvw7svmMU_bheKHSk5cg6s7fVkOsmuq4r7HJbOCDC4W4kIS0S8w3RyVFuxtdtaX8k7yd82i_mEZJhkE1zBJ__rfeFUCM2_qO2a4FrJ33fvvwxkb5rAFy347DA5syI7OLCUM-Y3l8AY_QT_Y4CgcdVT-daBwzI_WAJGvuHwGJGRJfMfaN2_mr4x0ZOpv5u-VAnzCKBZu7S-1TonWTH3LfwBB2qz9xt5DV9pe2im6FejEz_94MuY9k48BWggGi4z_j_e8co_FabUHv4lU0voKbI5LaP2S8xROUMHw7eKQAIFKk9B7WsXMG-68jyfNoKn_vVVh86EpDDdTkrhKYvlWA32Ld_yZzyJRGaEkUCmnDHrGFYJTvy-xkaLpH-wpt-nnhzqjjAl2swl8pqsxPXF8WrwYpd3a9hn4aYbUgbwzY7mjcy9IxOR66HpXS8Mfhfh7Art4tkJ8FK38bYOOgTBMamiWbppyDJhQoLVbwYIz-WvImvDym_zcirzI05syxOinhvLLeJbjbz-2cPBdNzPZMr-nVKw16WQfFXS46RhXe3jlvhK3P2c21-ztfZ-7hIFJfhE0vb9q1D0XdG39PGXDJVdyCYJNHgUl3CldpuVcD7FKPLRqx2yjWIZJ4D4s-p5yZ1kf40vMCVz0_LC2xfDq8r35-u6Dkg&remoteip=2003%3Af1%3A1f28%3A4b00%3A70c5%3Ac91d%3A30ca%3Af827
2025-05-06T16:54:39+02:00 [API] Response: Array
(
    [success] => 1
    [challenge_ts] => 2025-05-06T14:45:18Z
    [hostname] => iksy.kev-network.de
    [score] => 0.9
    [action] => register
)

2025-05-06T16:54:39+02:00 [OK] success, score=0.9
2025-05-06T16:59:50+02:00 [API] URL: https://www.google.com/recaptcha/api/siteverify?secret=6LfN_i8rAAAAAKn8A4M_-DphoTcjpqBKqY6LweWv&response=03AFcWeA4y_02RXnJWyOifP9rIaeylh8vr1el2C8J2HqF4hsB708_-xi37uBnIHpT8S4fBlefrRxc8rbvs3suciVOgeoW9vsaMLN4rsLNaGou8MPXpuQte4zVkaccMuOzTr6sXgeHtIGmfzVcvn6V04NwhnDeGCqOZ6tnMvcXQfKurUpGSg6oJRGW0vbnwGfG0wk0CSYPX6vBmsdHw7u61SxMGUxEyigSjrNars8Sipi7_NvGTdXDRhl6iR8LR48HQe_4PE9XjMlmhEk-0eRz6y_TlvfLoxZuMEjWUTo5AatfYkauqO1c2A2-3cIQxUkbEb78TBjtIRv8UbKZIq1lnTTWBka5NGDF70RYl1Gf0AsOoe-4_gyT1hnlSb3QqAVJhM5A_ey7XsawYhfC1oAUoa51azlIFP1FR0nzlYm2nN8L6CcX7v96xN4f_HWdrAeekUmnVdWqsYaUwl7TngMKU8uQdlSqXRCUSqddoiQOYKTlpxeTskjhzGC3oogB0XAOS6vemqHvaSNShAU9Cv3bNSHKBTJN1skQz-TSpk5X8_wvWEFBcUmAFCl6pdkEE8CueQrgQRtwi0RmeOh__e3rrF7Io666ve_1rSbsTgaOMjoDLq538A-rfmyFYAvq6aiI2hy_NXzfOsbNHBmGopoMtbggInMrE9H62EF4cSeG5WRk6AGrBVaN3rg1sCcc55mcUutjqp5ne0vMIuh0Jc1uhD80vnCJb5csMaePpoXWjZMwG6i7Bl0xd_sjVTBEg17Uq0dYh7h2eR7fdMFiZPE0fanDUlNWnmWwQsYFqmmqmZjaoWTFDMs_qyEdeeGVVSDqFvc56LTYg-c0VG59MGclf92i-GkLmnV03NoMsgssQZkimRUJ-zJZAkb6WMVVgQ5_3eS-PAMX4LBxSPn4IO21VsVfqE9CryJXw8bKka24We4s_HydgzZLS2yEWx9Y2GErVkfVeh4SIVsZ32OjdIQODwyxRez3sr-ZTDs5w5GEKMqD9pkeipdOQVVrGlwCw1o3nD2-fIkv5m4oMm4YZhC1IiDWlnz4u4B4lOPGZeW4ovU0y8SJrcavLeh_ASnuqxAYOIzZeOfNSHXX6ickbNk-rFXyesDsDU5hyKX77-0rCpuB39YM6TrdXZpJndreFrZSCgeUqgfuYvG2S19WcKs9GyWIkZXu6gHa2GNChGPNRGaPghFhyYRyaOBXk3M_cC11wnQMLPc4p0nGtpPEipXhOMR24hKq158V8U51iCecaegvLcIlaM82OyUxG6-PHLdT9j3m3mcXgvAOV0TgIVxcvSVgtu9TUa_VUfUavQg-p2N6NjRndZOqkKKqxRfKPzT4o0Xz9M35a7iUrIoPlwjcUeCEEORFRCSc901mIKEz6Rej8p8a7NuCieReZc4Odg84u6nbiZv5j8GKuI_q9cYXMMafJKCIZSj95wWbatsHpsyKtWuNtAHGcBX7o4ESpResGeHY7jq67KlNb-lVj1eN1ulVmC2qBDM412S9TipdJMXDLqXSJosWRxADWJvwrYzSIsk3XAuSIPvb0ffVYmT1lZSf83AAiQMukRgoOua3fLwGBQD7CY1M7Qz60I8xEeW2gc69ZpcW6g5dtXorYsOQS2B3zlyRn5oUMzWNkVS1U6EI8vNZ7E66YnNdnYmT-SdVCmtxSYmmUJmVkv1vrHgBHGqvgmDHRHPR2LyZy-PDQfO2M0GKRXndY7iOwf0ga7TwJ5xaG6gZCVoHFnZpilEia1mBIcKJqzNzNQg4XKoSemjNgeJ47UYbu3zlH2gtr3edKd9VVEfQwcfdBzMg7RCLeT7TMa5Y0ihN2gpwuEf4QOvWtLiQbqdLyP3NM0MU18ZRhDxNMjNGiXhHvigsR0iOwMc5icdIv3Sc3SfUExg-ljh4Wg4zX78qDIfyRM7buS8XVjMEjLoDG83WYLsBzkfJEo5Ixm30FykrHzkwAtFko6a63Ah5Hs-dklp3vy_ZejRXyu5PijEgDIn2eKdOaW7QlZPuClrgIixa16rKzxUnogv9arFTTmSWU3EU_XhXM-eom05XzGr4dih2lNPsPzhrXmdXoGLQ4TFL50H5z1yl_cLMdO2nMl4FWKqbj6c047PZ2ckcL8AllXqodLD2Ylt4fiWY1PQUpf7L-nQ&remoteip=2003%3Af1%3A1f28%3A4b00%3A70c5%3Ac91d%3A30ca%3Af827
2025-05-06T16:59:50+02:00 [API] Response: Array
(
    [success] => 1
    [challenge_ts] => 2025-05-06T14:59:26Z
    [hostname] => iksy.kev-network.de
    [score] => 0.9
    [action] => register
)

2025-05-06T16:59:50+02:00 [OK] success, score=0.9
2025-05-06T17:00:59+02:00 [API] URL: https://www.google.com/recaptcha/api/siteverify?secret=6LfN_i8rAAAAAKn8A4M_-DphoTcjpqBKqY6LweWv&response=03AFcWeA6wZoRhCCso9bvgEkUXkevtMy9k6fj2uLvUVkJQtID9oK3esK_JIAazHSfQE6iu-Lbr9ym8nhY0PrLysxharXmV5h3zu6x78zshzszlrqOPQs4K3L9WGqy0LZ-c7XYgIiaGH02H3BZQMRMV9HIo4ZQsoO9g6V3NWp2tfgLKGu-AEI0ZGJQwiwAQPVaPyJhmi-sarPiNogdV_4e6thqcAZ-Nv42fAjpXEq0H15AAiJqn6oK3f4Kw-FP4v8jwUkVJ5Ns2dwNUi2Vy-LHG10S9hB6kSh-NU7rSoPiGYGQPto5C_F1aOgQUng9F8bWfyF_1I5C1hC7ug1qouh_NwHUK6fibacN40L5v-_jenVvwaRd_qLlowmksxfVZ2-LKx_tTdfg5aZ2yU9GaI4FsTwiwvLZOzDP9hl-i7O5RuvKOKvgq2tuYfjRjUyPAZ_7GhF6tfdRlj_02PikAgcuW5IVvB9kXjEZHbzjo1ar1ISzOG1ab9Yu5oGsmRdTKV-S3DRlg1NWEA6DN1pkwRQ6EdWPztBnYsrbcnuuoS0m5vQNqIA_2CMsODImDSIe1IzP3EMlC-mGsEw1yem8B_3upgECsZksKMVB0MNlWU3gigazBDGXGauZ8sn5sTqwXkMRujvb8CHZmGQFriHJaZ1p64pyxbbHJvK9qGKJM9Dn03yh_zbSQPVHr48VprCwYJg_SR34N6WA90mxvyMRBF2pn0NA86ZDNrn3YCVNdAE13ZMu9JD4JzrJ08mUZqJtpoxlIspDP4LEUdvCM8y8EseWtyhmkLTBClEWjaelu1kw5OhkhFmva08Amip6Kl4fJXcRGSauHduky7IBk_i8ciElyoYbbFcY53dDwKkxzhRLbTF1Wqksl9GLsqHq5YERE9pbGSNx5PhjvZ3v3S6M15JM4MAf_XWKKOoOxWgqvj7F4b-Grik7-K9IG4kVfo7e_1Lg8o8zxNevv7g5ZQUPF9zi4FyaNwhrDT92MiFcVDYZmCbH-xNjwVwSgwsUpSHw5ppRN2ZiWYQbW3t-Jo2XT3itn_Vi1-3QSf6DYacEtmtda6PbNG8v_QWyiiK_y_XiViLeDAR1-PjDU9Ffie82eyZL20Ah7CEGApc1Jchh9rDn2F4pfQFLTiaaKYfvMEliAVT6NPp_WWQTA_yYaQhb2z0yDp5NH5JJzQuRXMLF-VDULnP8y44VRNB7FD87UkmX9B4p26m0CBj5Y28_7m2K4HnManVmURHkoZRrs5q04jXkOCkBeltN7Le2Xr2QmwRs5ZmeWFgSoafoZ0X73p4C0iYmRVT7S9HmXhrRvAt4klt_X7qqd8jYVz3fwcjgUtfsCSXOE9bdZX5uMwNrW4F9o3LQYrkU9nC9k0Wi6ZxAmScfa8UfmDcag9P2kWV4kU02_7Kk90D4dWg0z3snrTcrVnEJBqjaTj9RpvwGgMNheCc8GIiv7lOTup-NcGhwiHSYynqldLGEOsPSjwQNxlrnyCfQE7vvbNtP_NP_7FgxJCDJZHTz9NKLWH3zkZ-l0LbrkGWK0ztboT4pQ8dCd1KPPi2rAqrLmP7QlVuIDQ3Hc-JuFdTconqh3aVo0Le8Zx1aEgnRroCGjvHPLB88KkeSA7ZgMGqdL7xc-x0xLuXV5cSxRSirK24phy_-gfDOo1TznIz2n8cnwxmt7XfpY-JFCmA1hbeQe-IJ0xqzvcGowgBiHB6qx-vQwHyUEp5WEiindnpHDP_lH-JhwKNbVWSF8meMk8v3RsSPQIHrnHflp-2iMt_bjC7q5j7vIM0ICu-kSS2_05M4f4AxAljKrJiaFFiVNsg6PfWkgWOHwRq2csYwOaGsRQwypY5XH-l6QD3qkFijFr-q8zu3-WVHrGZkerNrZI0owS9rXw58HRNlME1dHePp8dC-jTlVMvfCRd6_odO3sk7ctXTC13WhOGkHoIR3C2bSmOXJxQlVWQMBGUgtSs8BXwdU0aLHeAvgb1r8DNzxXUaAvzPdN_aRyj6F405MzsB2SlHOdQIc6wLxT1_X9TF8tKe-oAc_o3_BRMCX1LIf929gJBG4dj3hW8GJ2bQc_aFoDFIvUB1_LJlRHxXAmctS0SWPwJTYC-7JYrKYNMEt7JFXt35RUi_MwjNfbqKN8wBQGrP0Upknp-g3hdbIhxthrdbOcYWZFn0E&remoteip=2003%3Af1%3A1f28%3A4b00%3A70c5%3Ac91d%3A30ca%3Af827
2025-05-06T17:00:59+02:00 [API] Response: Array
(
    [success] => 1
    [challenge_ts] => 2025-05-06T15:00:37Z
    [hostname] => iksy.kev-network.de
    [score] => 0.9
    [action] => register
)

2025-05-06T17:00:59+02:00 [OK] success, score=0.9
