[2025-04-29T16:19:04+02:00] TEST LOG: path=/var/www/clients/client0/web15/web/public/../logs/register.log, dir_exists=yes, dir_writable=yes
[2025-04-29T16:19:04.484510+02:00] user_registration.ERROR: Uncaught Exception {"message":"Class \"Password\" not found","trace":"#0 {main}"} []
[2025-04-29T16:20:18+02:00] TEST LOG: path=/var/www/clients/client0/web15/web/public/../logs/register.log, dir_exists=yes, dir_writable=yes
[2025-04-29T16:20:18.030200+02:00] user_registration.ERROR: Uncaught Exception {"message":"Class \"Password\" not found","trace":"#0 {main}"} []
[2025-04-29T16:22:00.885789+02:00] user_registration.INFO: Registrierung erfolgreich {"username":"kevin"} []
[2025-04-29T16:22:00.887219+02:00] user_registration.WARNING: Verifikations-Mail-Versand fehlgeschlagen {"error":"SQLSTATE[22001]: String data, right truncated: 7 FEHLER:  Wert zu lang für Typ character varying(64)"} []
[2025-04-29T16:25:37.208358+02:00] user_registration.INFO: Registrierung erfolgreich {"username":"kevin"} []
[2025-04-29T16:25:37.209724+02:00] user_registration.WARNING: Verifikations-Mail-Versand fehlgeschlagen {"error":"SQLSTATE[22001]: String data, right truncated: 7 FEHLER:  Wert zu lang für Typ character varying(128)"} []
[2025-04-29T16:27:08.417700+02:00] user_registration.INFO: Registrierung erfolgreich {"username":"kevin"} []
[2025-04-29T16:27:08.434435+02:00] user_registration.ERROR: Uncaught Exception {"message":"Class \"SMTP\" not found","trace":"#0 /var/www/clients/client0/web15/web/public/register.php(111): sendVerificationEmail()\n#1 {main}"} []
[2025-04-29T16:29:02.165796+02:00] user_registration.INFO: Registrierung erfolgreich {"username":"itkev1"} []
[2025-04-29T16:29:02.327114+02:00] user_registration.ERROR: Uncaught Exception {"message":"Call to a member function debug() on null","trace":"#0 [internal function]: {closure}()\n#1 /var/www/clients/client0/web15/web/vendor/phpmailer/phpmailer/src/SMTP.php(299): call_user_func()\n#2 /var/www/clients/client0/web15/web/vendor/phpmailer/phpmailer/src/SMTP.php(1189): PHPMailer\\PHPMailer\\SMTP->edebug()\n#3 /var/www/clients/client0/web15/web/vendor/phpmailer/phpmailer/src/SMTP.php(1065): PHPMailer\\PHPMailer\\SMTP->client_send()\n#4 /var/www/clients/client0/web15/web/vendor/phpmailer/phpmailer/src/SMTP.php(962): PHPMailer\\PHPMailer\\SMTP->sendCommand()\n#5 /var/www/clients/client0/web15/web/vendor/phpmailer/phpmailer/src/PHPMailer.php(2360): PHPMailer\\PHPMailer\\SMTP->quit()\n#6 /var/www/clients/client0/web15/web/vendor/phpmailer/phpmailer/src/PHPMailer.php(859): PHPMailer\\PHPMailer\\PHPMailer->smtpClose()\n#7 /var/www/clients/client0/web15/web/public/register.php(111): PHPMailer\\PHPMailer\\PHPMailer->__destruct()\n#8 {main}"} []
[2025-04-29T16:33:00.231693+02:00] user_registration.INFO: Registrierung erfolgreich {"username":"itkev1"} []
[2025-04-29T16:33:00.272227+02:00] user_registration.DEBUG: PHPMailer [level 2]: SERVER -> CLIENT: 220 smtp.gmail.com ESMTP 5b1f17b1804b1-440a5369cc1sm156829335e9.32 - gsmtp  [] []
[2025-04-29T16:33:00.272309+02:00] user_registration.DEBUG: PHPMailer [level 1]: CLIENT -> SERVER: EHLO iksy.kev-network.de  [] []
[2025-04-29T16:33:00.290709+02:00] user_registration.DEBUG: PHPMailer [level 2]: SERVER -> CLIENT: 250-smtp.gmail.com at your service, [2003:f1:1f28:4b00:8eec:4bff:fe6e:5ebf] 250-SIZE 35882577 250-8BITMIME 250-STARTTLS 250-ENHANCEDSTATUSCODES 250-PIPELINING 250-CHUNKING 250 SMTPUTF8  [] []
[2025-04-29T16:33:00.290813+02:00] user_registration.DEBUG: PHPMailer [level 1]: CLIENT -> SERVER: STARTTLS  [] []
[2025-04-29T16:33:00.306855+02:00] user_registration.DEBUG: PHPMailer [level 2]: SERVER -> CLIENT: 220 2.0.0 Ready to start TLS  [] []
[2025-04-29T16:33:00.375596+02:00] user_registration.DEBUG: PHPMailer [level 1]: CLIENT -> SERVER: EHLO iksy.kev-network.de  [] []
[2025-04-29T16:33:00.412341+02:00] user_registration.DEBUG: PHPMailer [level 2]: SERVER -> CLIENT: 250-smtp.gmail.com at your service, [2003:f1:1f28:4b00:8eec:4bff:fe6e:5ebf] 250-SIZE 35882577 250-8BITMIME 250-AUTH LOGIN PLAIN XOAUTH2 PLAIN-CLIENTTOKEN OAUTHBEARER XOAUTH 250-ENHANCEDSTATUSCODES 250-PIPELINING 250-CHUNKING 250 SMTPUTF8  [] []
[2025-04-29T16:33:00.412476+02:00] user_registration.DEBUG: PHPMailer [level 1]: CLIENT -> SERVER: AUTH LOGIN  [] []
[2025-04-29T16:33:00.428572+02:00] user_registration.DEBUG: PHPMailer [level 2]: SERVER -> CLIENT: 334 VXNlcm5hbWU6  [] []
[2025-04-29T16:33:00.428676+02:00] user_registration.DEBUG: PHPMailer [level 1]: CLIENT -> SERVER: [credentials hidden] [] []
[2025-04-29T16:33:00.448434+02:00] user_registration.DEBUG: PHPMailer [level 2]: SERVER -> CLIENT: 334 UGFzc3dvcmQ6  [] []
[2025-04-29T16:33:00.448574+02:00] user_registration.DEBUG: PHPMailer [level 1]: CLIENT -> SERVER: [credentials hidden] [] []
[2025-04-29T16:33:00.674078+02:00] user_registration.DEBUG: PHPMailer [level 2]: SERVER -> CLIENT: 235 2.7.0 Accepted  [] []
[2025-04-29T16:33:00.674250+02:00] user_registration.DEBUG: PHPMailer [level 1]: CLIENT -> SERVER: MAIL FROM:<studyhub.iksy@gmail.com>  [] []
[2025-04-29T16:33:00.690462+02:00] user_registration.DEBUG: PHPMailer [level 2]: SERVER -> CLIENT: 250 2.1.0 OK 5b1f17b1804b1-440a5369cc1sm156829335e9.32 - gsmtp  [] []
[2025-04-29T16:33:00.690607+02:00] user_registration.DEBUG: PHPMailer [level 1]: CLIENT -> SERVER: RCPT TO:<kevin.krummsdorf1995@outlook.de>  [] []
[2025-04-29T16:33:00.706976+02:00] user_registration.DEBUG: PHPMailer [level 2]: SERVER -> CLIENT: 250 2.1.5 OK 5b1f17b1804b1-440a5369cc1sm156829335e9.32 - gsmtp  [] []
[2025-04-29T16:33:00.707122+02:00] user_registration.DEBUG: PHPMailer [level 1]: CLIENT -> SERVER: DATA  [] []
[2025-04-29T16:33:00.866221+02:00] user_registration.DEBUG: PHPMailer [level 2]: SERVER -> CLIENT: 354 Go ahead 5b1f17b1804b1-440a5369cc1sm156829335e9.32 - gsmtp  [] []
[2025-04-29T16:33:00.866386+02:00] user_registration.DEBUG: PHPMailer [level 1]: CLIENT -> SERVER: Date: Tue, 29 Apr 2025 16:33:00 +0200  [] []
[2025-04-29T16:33:00.866564+02:00] user_registration.DEBUG: PHPMailer [level 1]: CLIENT -> SERVER: To: itkev1 <kevin.krummsdorf1995@outlook.de>  [] []
[2025-04-29T16:33:00.866664+02:00] user_registration.DEBUG: PHPMailer [level 1]: CLIENT -> SERVER: From: StudyHub <studyhub.iksy@gmail.com>  [] []
[2025-04-29T16:33:00.866742+02:00] user_registration.DEBUG: PHPMailer [level 1]: CLIENT -> SERVER: Subject: =?iso-8859-1?Q?Bitte_best=C3=A4tige_deine_E-Mail-Adresse?=  [] []
[2025-04-29T16:33:00.866818+02:00] user_registration.DEBUG: PHPMailer [level 1]: CLIENT -> SERVER: Message-ID: <D0fJSwdGZm4OVdPCc0PwyqhGQ6oZ9tNREoMCfDUOsc@iksy.kev-network.de>  [] []
[2025-04-29T16:33:00.866891+02:00] user_registration.DEBUG: PHPMailer [level 1]: CLIENT -> SERVER: X-Mailer: PHPMailer 6.10.0 (https://github.com/PHPMailer/PHPMailer)  [] []
[2025-04-29T16:33:00.866962+02:00] user_registration.DEBUG: PHPMailer [level 1]: CLIENT -> SERVER: MIME-Version: 1.0  [] []
[2025-04-29T16:33:00.867034+02:00] user_registration.DEBUG: PHPMailer [level 1]: CLIENT -> SERVER: Content-Type: multipart/alternative;  [] []
[2025-04-29T16:33:00.867104+02:00] user_registration.DEBUG: PHPMailer [level 1]: CLIENT -> SERVER:  boundary="b1=_D0fJSwdGZm4OVdPCc0PwyqhGQ6oZ9tNREoMCfDUOsc"  [] []
[2025-04-29T16:33:00.867172+02:00] user_registration.DEBUG: PHPMailer [level 1]: CLIENT -> SERVER: Content-Transfer-Encoding: 8bit  [] []
[2025-04-29T16:33:00.867242+02:00] user_registration.DEBUG: PHPMailer [level 1]: CLIENT -> SERVER:   [] []
[2025-04-29T16:33:00.867312+02:00] user_registration.DEBUG: PHPMailer [level 1]: CLIENT -> SERVER: --b1=_D0fJSwdGZm4OVdPCc0PwyqhGQ6oZ9tNREoMCfDUOsc  [] []
[2025-04-29T16:33:00.867409+02:00] user_registration.DEBUG: PHPMailer [level 1]: CLIENT -> SERVER: Content-Type: text/plain; charset=iso-8859-1  [] []
[2025-04-29T16:33:00.867479+02:00] user_registration.DEBUG: PHPMailer [level 1]: CLIENT -> SERVER: Content-Transfer-Encoding: 8bit  [] []
[2025-04-29T16:33:00.867548+02:00] user_registration.DEBUG: PHPMailer [level 1]: CLIENT -> SERVER:   [] []
[2025-04-29T16:33:00.867618+02:00] user_registration.DEBUG: PHPMailer [level 1]: CLIENT -> SERVER: Hallo itkev1,  [] []
[2025-04-29T16:33:00.867686+02:00] user_registration.DEBUG: PHPMailer [level 1]: CLIENT -> SERVER: Bestätige deine E-Mail mit:  [] []
[2025-04-29T16:33:00.867783+02:00] user_registration.DEBUG: PHPMailer [level 1]: CLIENT -> SERVER: https://iksy.kev-network.de/verify.php?token=31400500c10547ca962ae3ed86920e89cbf0335afef5ca8ed9169aefb286c43f5a09e0ea08b6175e4004df98b97e5cf04e02f0b525c5cd89c63094cf27da45702497e170f8a60761e38ca7c474504e2434606891a9008a23934c5cd9450c5fe0cdd33a61  [] []
[2025-04-29T16:33:00.867859+02:00] user_registration.DEBUG: PHPMailer [level 1]: CLIENT -> SERVER:   [] []
[2025-04-29T16:33:00.867929+02:00] user_registration.DEBUG: PHPMailer [level 1]: CLIENT -> SERVER: StudyHub-Team  [] []
[2025-04-29T16:33:00.867997+02:00] user_registration.DEBUG: PHPMailer [level 1]: CLIENT -> SERVER:   [] []
[2025-04-29T16:33:00.868064+02:00] user_registration.DEBUG: PHPMailer [level 1]: CLIENT -> SERVER: --b1=_D0fJSwdGZm4OVdPCc0PwyqhGQ6oZ9tNREoMCfDUOsc  [] []
[2025-04-29T16:33:00.868134+02:00] user_registration.DEBUG: PHPMailer [level 1]: CLIENT -> SERVER: Content-Type: text/html; charset=iso-8859-1  [] []
[2025-04-29T16:33:00.868232+02:00] user_registration.DEBUG: PHPMailer [level 1]: CLIENT -> SERVER: Content-Transfer-Encoding: 8bit  [] []
[2025-04-29T16:33:00.868326+02:00] user_registration.DEBUG: PHPMailer [level 1]: CLIENT -> SERVER:   [] []
[2025-04-29T16:33:00.868395+02:00] user_registration.DEBUG: PHPMailer [level 1]: CLIENT -> SERVER:   [] []
[2025-04-29T16:33:00.868463+02:00] user_registration.DEBUG: PHPMailer [level 1]: CLIENT -> SERVER:             <p>Hallo <strong>itkev1</strong>,</p>  [] []
[2025-04-29T16:33:00.868531+02:00] user_registration.DEBUG: PHPMailer [level 1]: CLIENT -> SERVER:             <p>klicke auf diesen Link, um deine E-Mail zu bestätigen:</p>  [] []
[2025-04-29T16:33:00.868601+02:00] user_registration.DEBUG: PHPMailer [level 1]: CLIENT -> SERVER:             <p><a href="https://iksy.kev-network.de/verify.php?token=31400500c10547ca962ae3ed86920e89cbf0335afef5ca8ed9169aefb286c43f5a09e0ea08b6175e4004df98b97e5cf04e02f0b525c5cd89c63094cf27da45702497e170f8a60761e38ca7c474504e2434606891a9008a23934c5cd9450c5fe0cdd33a61">E-Mail-Adresse jetzt bestätigen</a></p>  [] []
[2025-04-29T16:33:00.868673+02:00] user_registration.DEBUG: PHPMailer [level 1]: CLIENT -> SERVER:             <p>Viele Grüße,<br>StudyHub-Team</p>  [] []
[2025-04-29T16:33:00.868741+02:00] user_registration.DEBUG: PHPMailer [level 1]: CLIENT -> SERVER:           [] []
[2025-04-29T16:33:00.868808+02:00] user_registration.DEBUG: PHPMailer [level 1]: CLIENT -> SERVER:   [] []
[2025-04-29T16:33:00.868874+02:00] user_registration.DEBUG: PHPMailer [level 1]: CLIENT -> SERVER:   [] []
[2025-04-29T16:33:00.868940+02:00] user_registration.DEBUG: PHPMailer [level 1]: CLIENT -> SERVER: --b1=_D0fJSwdGZm4OVdPCc0PwyqhGQ6oZ9tNREoMCfDUOsc--  [] []
[2025-04-29T16:33:00.869104+02:00] user_registration.DEBUG: PHPMailer [level 1]: CLIENT -> SERVER:   [] []
[2025-04-29T16:33:00.869195+02:00] user_registration.DEBUG: PHPMailer [level 1]: CLIENT -> SERVER: .  [] []
[2025-04-29T16:33:01.316485+02:00] user_registration.DEBUG: PHPMailer [level 2]: SERVER -> CLIENT: 250 2.0.0 OK  1745937181 5b1f17b1804b1-440a5369cc1sm156829335e9.32 - gsmtp  [] []
[2025-04-29T16:33:01.317088+02:00] user_registration.DEBUG: PHPMailer [level 1]: CLIENT -> SERVER: QUIT  [] []
[2025-04-29T16:33:01.333198+02:00] user_registration.DEBUG: PHPMailer [level 2]: SERVER -> CLIENT: 221 2.0.0 closing connection 5b1f17b1804b1-440a5369cc1sm156829335e9.32 - gsmtp  [] []
[2025-04-29T16:38:16.199293+02:00] user_registration.INFO: Registrierung erfolgreich {"username":"itkev1"} []
[2025-04-29T16:38:16.255603+02:00] user_registration.DEBUG: PHPMailer [level 2]: SERVER -> CLIENT: 220 smtp.gmail.com ESMTP 5b1f17b1804b1-4409d2e0241sm191844665e9.37 - gsmtp  [] []
[2025-04-29T16:38:16.255722+02:00] user_registration.DEBUG: PHPMailer [level 1]: CLIENT -> SERVER: EHLO iksy.kev-network.de  [] []
[2025-04-29T16:38:16.273441+02:00] user_registration.DEBUG: PHPMailer [level 2]: SERVER -> CLIENT: 250-smtp.gmail.com at your service, [2003:f1:1f28:4b00:8eec:4bff:fe6e:5ebf] 250-SIZE 35882577 250-8BITMIME 250-STARTTLS 250-ENHANCEDSTATUSCODES 250-PIPELINING 250-CHUNKING 250 SMTPUTF8  [] []
[2025-04-29T16:38:16.273607+02:00] user_registration.DEBUG: PHPMailer [level 1]: CLIENT -> SERVER: STARTTLS  [] []
[2025-04-29T16:38:16.288839+02:00] user_registration.DEBUG: PHPMailer [level 2]: SERVER -> CLIENT: 220 2.0.0 Ready to start TLS  [] []
[2025-04-29T16:38:16.338341+02:00] user_registration.DEBUG: PHPMailer [level 1]: CLIENT -> SERVER: EHLO iksy.kev-network.de  [] []
[2025-04-29T16:38:16.372506+02:00] user_registration.DEBUG: PHPMailer [level 2]: SERVER -> CLIENT: 250-smtp.gmail.com at your service, [2003:f1:1f28:4b00:8eec:4bff:fe6e:5ebf] 250-SIZE 35882577 250-8BITMIME 250-AUTH LOGIN PLAIN XOAUTH2 PLAIN-CLIENTTOKEN OAUTHBEARER XOAUTH 250-ENHANCEDSTATUSCODES 250-PIPELINING 250-CHUNKING 250 SMTPUTF8  [] []
[2025-04-29T16:38:16.372603+02:00] user_registration.DEBUG: PHPMailer [level 1]: CLIENT -> SERVER: AUTH LOGIN  [] []
[2025-04-29T16:38:16.387826+02:00] user_registration.DEBUG: PHPMailer [level 2]: SERVER -> CLIENT: 334 VXNlcm5hbWU6  [] []
[2025-04-29T16:38:16.387930+02:00] user_registration.DEBUG: PHPMailer [level 1]: CLIENT -> SERVER: [credentials hidden] [] []
[2025-04-29T16:38:16.403050+02:00] user_registration.DEBUG: PHPMailer [level 2]: SERVER -> CLIENT: 334 UGFzc3dvcmQ6  [] []
[2025-04-29T16:38:16.403178+02:00] user_registration.DEBUG: PHPMailer [level 1]: CLIENT -> SERVER: [credentials hidden] [] []
[2025-04-29T16:38:16.624197+02:00] user_registration.DEBUG: PHPMailer [level 2]: SERVER -> CLIENT: 235 2.7.0 Accepted  [] []
[2025-04-29T16:38:16.624360+02:00] user_registration.DEBUG: PHPMailer [level 1]: CLIENT -> SERVER: MAIL FROM:<studyhub.iksy@gmail.com>  [] []
[2025-04-29T16:38:16.639600+02:00] user_registration.DEBUG: PHPMailer [level 2]: SERVER -> CLIENT: 250 2.1.0 OK 5b1f17b1804b1-4409d2e0241sm191844665e9.37 - gsmtp  [] []
[2025-04-29T16:38:16.639760+02:00] user_registration.DEBUG: PHPMailer [level 1]: CLIENT -> SERVER: RCPT TO:<kevin.krummsdorf1995@outlook.de>  [] []
[2025-04-29T16:38:16.655062+02:00] user_registration.DEBUG: PHPMailer [level 2]: SERVER -> CLIENT: 250 2.1.5 OK 5b1f17b1804b1-4409d2e0241sm191844665e9.37 - gsmtp  [] []
[2025-04-29T16:38:16.655223+02:00] user_registration.DEBUG: PHPMailer [level 1]: CLIENT -> SERVER: DATA  [] []
[2025-04-29T16:38:16.787700+02:00] user_registration.DEBUG: PHPMailer [level 2]: SERVER -> CLIENT: 354 Go ahead 5b1f17b1804b1-4409d2e0241sm191844665e9.37 - gsmtp  [] []
[2025-04-29T16:38:16.787866+02:00] user_registration.DEBUG: PHPMailer [level 1]: CLIENT -> SERVER: Date: Tue, 29 Apr 2025 16:38:16 +0200  [] []
[2025-04-29T16:38:16.788035+02:00] user_registration.DEBUG: PHPMailer [level 1]: CLIENT -> SERVER: To: itkev1 <kevin.krummsdorf1995@outlook.de>  [] []
[2025-04-29T16:38:16.788134+02:00] user_registration.DEBUG: PHPMailer [level 1]: CLIENT -> SERVER: From: StudyHub <studyhub.iksy@gmail.com>  [] []
[2025-04-29T16:38:16.788212+02:00] user_registration.DEBUG: PHPMailer [level 1]: CLIENT -> SERVER: Subject: =?UTF-8?Q?Bitte_best=C3=A4tige_deine_E-Mail-Adresse?=  [] []
[2025-04-29T16:38:16.788287+02:00] user_registration.DEBUG: PHPMailer [level 1]: CLIENT -> SERVER: Message-ID: <QLcHIWbDgbITWAJfzLtNM3sO8Qg0sRgB0dOhTO8P1kg@iksy.kev-network.de>  [] []
[2025-04-29T16:38:16.788359+02:00] user_registration.DEBUG: PHPMailer [level 1]: CLIENT -> SERVER: X-Mailer: PHPMailer 6.10.0 (https://github.com/PHPMailer/PHPMailer)  [] []
[2025-04-29T16:38:16.788429+02:00] user_registration.DEBUG: PHPMailer [level 1]: CLIENT -> SERVER: MIME-Version: 1.0  [] []
[2025-04-29T16:38:16.788501+02:00] user_registration.DEBUG: PHPMailer [level 1]: CLIENT -> SERVER: Content-Type: multipart/alternative;  [] []
[2025-04-29T16:38:16.788572+02:00] user_registration.DEBUG: PHPMailer [level 1]: CLIENT -> SERVER:  boundary="b1=_QLcHIWbDgbITWAJfzLtNM3sO8Qg0sRgB0dOhTO8P1kg"  [] []
[2025-04-29T16:38:16.788642+02:00] user_registration.DEBUG: PHPMailer [level 1]: CLIENT -> SERVER:   [] []
[2025-04-29T16:38:16.788711+02:00] user_registration.DEBUG: PHPMailer [level 1]: CLIENT -> SERVER: --b1=_QLcHIWbDgbITWAJfzLtNM3sO8Qg0sRgB0dOhTO8P1kg  [] []
[2025-04-29T16:38:16.788805+02:00] user_registration.DEBUG: PHPMailer [level 1]: CLIENT -> SERVER: Content-Type: text/plain; charset=UTF-8  [] []
[2025-04-29T16:38:16.788876+02:00] user_registration.DEBUG: PHPMailer [level 1]: CLIENT -> SERVER: Content-Transfer-Encoding: quoted-printable  [] []
[2025-04-29T16:38:16.788944+02:00] user_registration.DEBUG: PHPMailer [level 1]: CLIENT -> SERVER:   [] []
[2025-04-29T16:38:16.789013+02:00] user_registration.DEBUG: PHPMailer [level 1]: CLIENT -> SERVER: Hallo itkev1,=0ABest=C3=A4tige deine E-Mail mit:=0Ahttps://iksy.kev-network=  [] []
[2025-04-29T16:38:16.789083+02:00] user_registration.DEBUG: PHPMailer [level 1]: CLIENT -> SERVER: ..de/verify.php?token=3D31400500018660c2162172408badd867a0836f452d215e561886=  [] []
[2025-04-29T16:38:16.789153+02:00] user_registration.DEBUG: PHPMailer [level 1]: CLIENT -> SERVER: 99e71b6577f2f4e04da5c832db1e45607f1557bed26cd754d3b928ce7d2674d7506b5dee741=  [] []
[2025-04-29T16:38:16.789220+02:00] user_registration.DEBUG: PHPMailer [level 1]: CLIENT -> SERVER: 66d77330ccb18107ff7c0e8d015f8844cedf9e45b3db78c86e3e61e8dc22686501fd53e4b=  [] []
[2025-04-29T16:38:16.789288+02:00] user_registration.DEBUG: PHPMailer [level 1]: CLIENT -> SERVER: =0A=0AStudyHub-Team  [] []
[2025-04-29T16:38:16.789356+02:00] user_registration.DEBUG: PHPMailer [level 1]: CLIENT -> SERVER: --b1=_QLcHIWbDgbITWAJfzLtNM3sO8Qg0sRgB0dOhTO8P1kg  [] []
[2025-04-29T16:38:16.789424+02:00] user_registration.DEBUG: PHPMailer [level 1]: CLIENT -> SERVER: Content-Type: text/html; charset=UTF-8  [] []
[2025-04-29T16:38:16.789519+02:00] user_registration.DEBUG: PHPMailer [level 1]: CLIENT -> SERVER: Content-Transfer-Encoding: quoted-printable  [] []
[2025-04-29T16:38:16.789595+02:00] user_registration.DEBUG: PHPMailer [level 1]: CLIENT -> SERVER:   [] []
[2025-04-29T16:38:16.789663+02:00] user_registration.DEBUG: PHPMailer [level 1]: CLIENT -> SERVER: =0A            <p>Hallo <strong>itkev1</strong>,</p>=0A            <p>klick=  [] []
[2025-04-29T16:38:16.789732+02:00] user_registration.DEBUG: PHPMailer [level 1]: CLIENT -> SERVER: e auf diesen Link, um deine E-Mail zu best=C3=A4tigen:</p>=0A            <p=  [] []
[2025-04-29T16:38:16.789800+02:00] user_registration.DEBUG: PHPMailer [level 1]: CLIENT -> SERVER: ><a href=3D"https://iksy.kev-network.de/verify.php?token=3D31400500018660c2=  [] []
[2025-04-29T16:38:16.789867+02:00] user_registration.DEBUG: PHPMailer [level 1]: CLIENT -> SERVER: 162172408badd867a0836f452d215e56188699e71b6577f2f4e04da5c832db1e45607f1557b=  [] []
[2025-04-29T16:38:16.789933+02:00] user_registration.DEBUG: PHPMailer [level 1]: CLIENT -> SERVER: ed26cd754d3b928ce7d2674d7506b5dee74166d77330ccb18107ff7c0e8d015f8844cedf9e4=  [] []
[2025-04-29T16:38:16.789999+02:00] user_registration.DEBUG: PHPMailer [level 1]: CLIENT -> SERVER: 5b3db78c86e3e61e8dc22686501fd53e4b">E-Mail-Adresse jetzt best=C3=A4tigen</a=  [] []
[2025-04-29T16:38:16.790064+02:00] user_registration.DEBUG: PHPMailer [level 1]: CLIENT -> SERVER: ></p>=0A            <p>Viele Gr=C3=BC=C3=9Fe,<br>StudyHub-Team</p>=0A      =  [] []
[2025-04-29T16:38:16.790131+02:00] user_registration.DEBUG: PHPMailer [level 1]: CLIENT -> SERVER:     [] []
[2025-04-29T16:38:16.790196+02:00] user_registration.DEBUG: PHPMailer [level 1]: CLIENT -> SERVER:   [] []
[2025-04-29T16:38:16.790262+02:00] user_registration.DEBUG: PHPMailer [level 1]: CLIENT -> SERVER: --b1=_QLcHIWbDgbITWAJfzLtNM3sO8Qg0sRgB0dOhTO8P1kg--  [] []
[2025-04-29T16:38:16.790330+02:00] user_registration.DEBUG: PHPMailer [level 1]: CLIENT -> SERVER:   [] []
[2025-04-29T16:38:16.790410+02:00] user_registration.DEBUG: PHPMailer [level 1]: CLIENT -> SERVER: .  [] []
[2025-04-29T16:38:17.317116+02:00] user_registration.DEBUG: PHPMailer [level 2]: SERVER -> CLIENT: 250 2.0.0 OK  1745937497 5b1f17b1804b1-4409d2e0241sm191844665e9.37 - gsmtp  [] []
[2025-04-29T16:38:17.317787+02:00] user_registration.DEBUG: PHPMailer [level 1]: CLIENT -> SERVER: QUIT  [] []
[2025-04-29T16:38:17.333165+02:00] user_registration.DEBUG: PHPMailer [level 2]: SERVER -> CLIENT: 221 2.0.0 closing connection 5b1f17b1804b1-4409d2e0241sm191844665e9.37 - gsmtp  [] []
[2025-04-29T16:47:15.735050+02:00] user_registration.INFO: Registrierung erfolgreich {"username":"kekr7190"} []
[2025-04-29T16:47:15.825299+02:00] user_registration.DEBUG: PHPMailer [level 2]: SERVER -> CLIENT: 220 smtp.gmail.com ESMTP 5b1f17b1804b1-440a538f691sm161534115e9.37 - gsmtp  [] []
[2025-04-29T16:47:15.825468+02:00] user_registration.DEBUG: PHPMailer [level 1]: CLIENT -> SERVER: EHLO iksy.kev-network.de  [] []
[2025-04-29T16:47:15.842930+02:00] user_registration.DEBUG: PHPMailer [level 2]: SERVER -> CLIENT: 250-smtp.gmail.com at your service, [2003:f1:1f28:4b00:8eec:4bff:fe6e:5ebf] 250-SIZE 35882577 250-8BITMIME 250-STARTTLS 250-ENHANCEDSTATUSCODES 250-PIPELINING 250-CHUNKING 250 SMTPUTF8  [] []
[2025-04-29T16:47:15.843131+02:00] user_registration.DEBUG: PHPMailer [level 1]: CLIENT -> SERVER: STARTTLS  [] []
[2025-04-29T16:47:15.858130+02:00] user_registration.DEBUG: PHPMailer [level 2]: SERVER -> CLIENT: 220 2.0.0 Ready to start TLS  [] []
[2025-04-29T16:47:15.928686+02:00] user_registration.DEBUG: PHPMailer [level 1]: CLIENT -> SERVER: EHLO iksy.kev-network.de  [] []
[2025-04-29T16:47:15.962030+02:00] user_registration.DEBUG: PHPMailer [level 2]: SERVER -> CLIENT: 250-smtp.gmail.com at your service, [2003:f1:1f28:4b00:8eec:4bff:fe6e:5ebf] 250-SIZE 35882577 250-8BITMIME 250-AUTH LOGIN PLAIN XOAUTH2 PLAIN-CLIENTTOKEN OAUTHBEARER XOAUTH 250-ENHANCEDSTATUSCODES 250-PIPELINING 250-CHUNKING 250 SMTPUTF8  [] []
[2025-04-29T16:47:15.962127+02:00] user_registration.DEBUG: PHPMailer [level 1]: CLIENT -> SERVER: AUTH LOGIN  [] []
[2025-04-29T16:47:15.977560+02:00] user_registration.DEBUG: PHPMailer [level 2]: SERVER -> CLIENT: 334 VXNlcm5hbWU6  [] []
[2025-04-29T16:47:15.977683+02:00] user_registration.DEBUG: PHPMailer [level 1]: CLIENT -> SERVER: [credentials hidden] [] []
[2025-04-29T16:47:15.992313+02:00] user_registration.DEBUG: PHPMailer [level 2]: SERVER -> CLIENT: 334 UGFzc3dvcmQ6  [] []
[2025-04-29T16:47:15.992448+02:00] user_registration.DEBUG: PHPMailer [level 1]: CLIENT -> SERVER: [credentials hidden] [] []
[2025-04-29T16:47:16.228663+02:00] user_registration.DEBUG: PHPMailer [level 2]: SERVER -> CLIENT: 235 2.7.0 Accepted  [] []
[2025-04-29T16:47:16.228730+02:00] user_registration.DEBUG: PHPMailer [level 1]: CLIENT -> SERVER: MAIL FROM:<studyhub.iksy@gmail.com>  [] []
[2025-04-29T16:47:16.243472+02:00] user_registration.DEBUG: PHPMailer [level 2]: SERVER -> CLIENT: 250 2.1.0 OK 5b1f17b1804b1-440a538f691sm161534115e9.37 - gsmtp  [] []
[2025-04-29T16:47:16.243536+02:00] user_registration.DEBUG: PHPMailer [level 1]: CLIENT -> SERVER: RCPT TO:<kevin.krummsdorf1995@outlook.de>  [] []
[2025-04-29T16:47:16.258281+02:00] user_registration.DEBUG: PHPMailer [level 2]: SERVER -> CLIENT: 250 2.1.5 OK 5b1f17b1804b1-440a538f691sm161534115e9.37 - gsmtp  [] []
[2025-04-29T16:47:16.258353+02:00] user_registration.DEBUG: PHPMailer [level 1]: CLIENT -> SERVER: DATA  [] []
[2025-04-29T16:47:16.399156+02:00] user_registration.DEBUG: PHPMailer [level 2]: SERVER -> CLIENT: 354 Go ahead 5b1f17b1804b1-440a538f691sm161534115e9.37 - gsmtp  [] []
[2025-04-29T16:47:16.399322+02:00] user_registration.DEBUG: PHPMailer [level 1]: CLIENT -> SERVER: Date: Tue, 29 Apr 2025 16:47:15 +0200  [] []
[2025-04-29T16:47:16.399540+02:00] user_registration.DEBUG: PHPMailer [level 1]: CLIENT -> SERVER: To: kekr7190 <kevin.krummsdorf1995@outlook.de>  [] []
[2025-04-29T16:47:16.399644+02:00] user_registration.DEBUG: PHPMailer [level 1]: CLIENT -> SERVER: From: StudyHub <studyhub.iksy@gmail.com>  [] []
[2025-04-29T16:47:16.399725+02:00] user_registration.DEBUG: PHPMailer [level 1]: CLIENT -> SERVER: Subject: =?UTF-8?Q?Bitte_best=C3=A4tige_deine_E-Mail-Adresse?=  [] []
[2025-04-29T16:47:16.399802+02:00] user_registration.DEBUG: PHPMailer [level 1]: CLIENT -> SERVER: Message-ID: <cuiOnoBFWK8rc2TrxFXvo5jG9ktBd4jT3zQOMN9A@iksy.kev-network.de>  [] []
[2025-04-29T16:47:16.399877+02:00] user_registration.DEBUG: PHPMailer [level 1]: CLIENT -> SERVER: X-Mailer: PHPMailer 6.10.0 (https://github.com/PHPMailer/PHPMailer)  [] []
[2025-04-29T16:47:16.399979+02:00] user_registration.DEBUG: PHPMailer [level 1]: CLIENT -> SERVER: MIME-Version: 1.0  [] []
[2025-04-29T16:47:16.400054+02:00] user_registration.DEBUG: PHPMailer [level 1]: CLIENT -> SERVER: Content-Type: multipart/alternative;  [] []
[2025-04-29T16:47:16.400126+02:00] user_registration.DEBUG: PHPMailer [level 1]: CLIENT -> SERVER:  boundary="b1=_cuiOnoBFWK8rc2TrxFXvo5jG9ktBd4jT3zQOMN9A"  [] []
[2025-04-29T16:47:16.400200+02:00] user_registration.DEBUG: PHPMailer [level 1]: CLIENT -> SERVER:   [] []
[2025-04-29T16:47:16.400275+02:00] user_registration.DEBUG: PHPMailer [level 1]: CLIENT -> SERVER: --b1=_cuiOnoBFWK8rc2TrxFXvo5jG9ktBd4jT3zQOMN9A  [] []
[2025-04-29T16:47:16.400344+02:00] user_registration.DEBUG: PHPMailer [level 1]: CLIENT -> SERVER: Content-Type: text/plain; charset=UTF-8  [] []
[2025-04-29T16:47:16.400412+02:00] user_registration.DEBUG: PHPMailer [level 1]: CLIENT -> SERVER: Content-Transfer-Encoding: quoted-printable  [] []
[2025-04-29T16:47:16.400483+02:00] user_registration.DEBUG: PHPMailer [level 1]: CLIENT -> SERVER:   [] []
[2025-04-29T16:47:16.400554+02:00] user_registration.DEBUG: PHPMailer [level 1]: CLIENT -> SERVER: Hallo kekr7190,=0ABest=C3=A4tige deine E-Mail mit:=0Ahttps://iksy.kev-netwo=  [] []
[2025-04-29T16:47:16.400624+02:00] user_registration.DEBUG: PHPMailer [level 1]: CLIENT -> SERVER: rk.de/verify.php?token=3D31400500a70e6660608ae030fdeda9de17a21a5bad5c380313=  [] []
[2025-04-29T16:47:16.400697+02:00] user_registration.DEBUG: PHPMailer [level 1]: CLIENT -> SERVER: f43da9f5dbe925a6467906be17f821c37c6919e61ac5003c9e63d61c07574d852c773c08d76=  [] []
[2025-04-29T16:47:16.400766+02:00] user_registration.DEBUG: PHPMailer [level 1]: CLIENT -> SERVER: 14ad0d3d47e827a0ec824a1285c82a74048afa0c48a7ef0fbf967eacd1a362648c4d3c738fd=  [] []
[2025-04-29T16:47:16.400833+02:00] user_registration.DEBUG: PHPMailer [level 1]: CLIENT -> SERVER: =0A=0AStudyHub-Team  [] []
[2025-04-29T16:47:16.400903+02:00] user_registration.DEBUG: PHPMailer [level 1]: CLIENT -> SERVER: --b1=_cuiOnoBFWK8rc2TrxFXvo5jG9ktBd4jT3zQOMN9A  [] []
[2025-04-29T16:47:16.400971+02:00] user_registration.DEBUG: PHPMailer [level 1]: CLIENT -> SERVER: Content-Type: text/html; charset=UTF-8  [] []
[2025-04-29T16:47:16.401039+02:00] user_registration.DEBUG: PHPMailer [level 1]: CLIENT -> SERVER: Content-Transfer-Encoding: quoted-printable  [] []
[2025-04-29T16:47:16.401134+02:00] user_registration.DEBUG: PHPMailer [level 1]: CLIENT -> SERVER:   [] []
[2025-04-29T16:47:16.401233+02:00] user_registration.DEBUG: PHPMailer [level 1]: CLIENT -> SERVER: =0A            <p>Hallo <strong>kekr7190</strong>,</p>=0A            <p>kli=  [] []
[2025-04-29T16:47:16.401306+02:00] user_registration.DEBUG: PHPMailer [level 1]: CLIENT -> SERVER: cke auf diesen Link, um deine E-Mail zu best=C3=A4tigen:</p>=0A            =  [] []
[2025-04-29T16:47:16.401378+02:00] user_registration.DEBUG: PHPMailer [level 1]: CLIENT -> SERVER: <p><a href=3D"https://iksy.kev-network.de/verify.php?token=3D31400500a70e66=  [] []
[2025-04-29T16:47:16.401449+02:00] user_registration.DEBUG: PHPMailer [level 1]: CLIENT -> SERVER: 60608ae030fdeda9de17a21a5bad5c380313f43da9f5dbe925a6467906be17f821c37c6919e=  [] []
[2025-04-29T16:47:16.401517+02:00] user_registration.DEBUG: PHPMailer [level 1]: CLIENT -> SERVER: 61ac5003c9e63d61c07574d852c773c08d7614ad0d3d47e827a0ec824a1285c82a74048afa0=  [] []
[2025-04-29T16:47:16.401585+02:00] user_registration.DEBUG: PHPMailer [level 1]: CLIENT -> SERVER: c48a7ef0fbf967eacd1a362648c4d3c738fd">E-Mail-Adresse jetzt best=C3=A4tigen<=  [] []
[2025-04-29T16:47:16.401654+02:00] user_registration.DEBUG: PHPMailer [level 1]: CLIENT -> SERVER: /a></p>=0A            <p>Viele Gr=C3=BC=C3=9Fe,<br>StudyHub-Team</p>=0A    =  [] []
[2025-04-29T16:47:16.401722+02:00] user_registration.DEBUG: PHPMailer [level 1]: CLIENT -> SERVER:       [] []
[2025-04-29T16:47:16.401792+02:00] user_registration.DEBUG: PHPMailer [level 1]: CLIENT -> SERVER:   [] []
[2025-04-29T16:47:16.401876+02:00] user_registration.DEBUG: PHPMailer [level 1]: CLIENT -> SERVER: --b1=_cuiOnoBFWK8rc2TrxFXvo5jG9ktBd4jT3zQOMN9A--  [] []
[2025-04-29T16:47:16.401947+02:00] user_registration.DEBUG: PHPMailer [level 1]: CLIENT -> SERVER:   [] []
[2025-04-29T16:47:16.402032+02:00] user_registration.DEBUG: PHPMailer [level 1]: CLIENT -> SERVER: .  [] []
[2025-04-29T16:47:17.002354+02:00] user_registration.DEBUG: PHPMailer [level 2]: SERVER -> CLIENT: 250 2.0.0 OK  1745938036 5b1f17b1804b1-440a538f691sm161534115e9.37 - gsmtp  [] []
[2025-04-29T16:47:17.003027+02:00] user_registration.DEBUG: PHPMailer [level 1]: CLIENT -> SERVER: QUIT  [] []
[2025-04-29T16:47:17.017817+02:00] user_registration.DEBUG: PHPMailer [level 2]: SERVER -> CLIENT: 221 2.0.0 closing connection 5b1f17b1804b1-440a538f691sm161534115e9.37 - gsmtp  [] []
[2025-04-29T16:53:20.352922+02:00] user_registration.INFO: Registrierung erfolgreich {"username":"kekr7190"} []
[2025-04-29T16:53:20.401564+02:00] user_registration.DEBUG: PHPMailer [level 2]: SERVER -> CLIENT: 220 smtp.gmail.com ESMTP 5b1f17b1804b1-4409d29ba96sm196176185e9.8 - gsmtp  [] []
[2025-04-29T16:53:20.401656+02:00] user_registration.DEBUG: PHPMailer [level 1]: CLIENT -> SERVER: EHLO iksy.kev-network.de  [] []
[2025-04-29T16:53:20.419015+02:00] user_registration.DEBUG: PHPMailer [level 2]: SERVER -> CLIENT: 250-smtp.gmail.com at your service, [2003:f1:1f28:4b00:8eec:4bff:fe6e:5ebf] 250-SIZE 35882577 250-8BITMIME 250-STARTTLS 250-ENHANCEDSTATUSCODES 250-PIPELINING 250-CHUNKING 250 SMTPUTF8  [] []
[2025-04-29T16:53:20.419189+02:00] user_registration.DEBUG: PHPMailer [level 1]: CLIENT -> SERVER: STARTTLS  [] []
[2025-04-29T16:53:20.434119+02:00] user_registration.DEBUG: PHPMailer [level 2]: SERVER -> CLIENT: 220 2.0.0 Ready to start TLS  [] []
[2025-04-29T16:53:20.502237+02:00] user_registration.DEBUG: PHPMailer [level 1]: CLIENT -> SERVER: EHLO iksy.kev-network.de  [] []
[2025-04-29T16:53:20.536384+02:00] user_registration.DEBUG: PHPMailer [level 2]: SERVER -> CLIENT: 250-smtp.gmail.com at your service, [2003:f1:1f28:4b00:8eec:4bff:fe6e:5ebf] 250-SIZE 35882577 250-8BITMIME 250-AUTH LOGIN PLAIN XOAUTH2 PLAIN-CLIENTTOKEN OAUTHBEARER XOAUTH 250-ENHANCEDSTATUSCODES 250-PIPELINING 250-CHUNKING 250 SMTPUTF8  [] []
[2025-04-29T16:53:20.536475+02:00] user_registration.DEBUG: PHPMailer [level 1]: CLIENT -> SERVER: AUTH LOGIN  [] []
[2025-04-29T16:53:20.551513+02:00] user_registration.DEBUG: PHPMailer [level 2]: SERVER -> CLIENT: 334 VXNlcm5hbWU6  [] []
[2025-04-29T16:53:20.551622+02:00] user_registration.DEBUG: PHPMailer [level 1]: CLIENT -> SERVER: [credentials hidden] [] []
[2025-04-29T16:53:20.566915+02:00] user_registration.DEBUG: PHPMailer [level 2]: SERVER -> CLIENT: 334 UGFzc3dvcmQ6  [] []
[2025-04-29T16:53:20.567044+02:00] user_registration.DEBUG: PHPMailer [level 1]: CLIENT -> SERVER: [credentials hidden] [] []
[2025-04-29T16:53:20.770751+02:00] user_registration.DEBUG: PHPMailer [level 2]: SERVER -> CLIENT: 235 2.7.0 Accepted  [] []
[2025-04-29T16:53:20.770819+02:00] user_registration.DEBUG: PHPMailer [level 1]: CLIENT -> SERVER: MAIL FROM:<studyhub.iksy@gmail.com>  [] []
[2025-04-29T16:53:20.785481+02:00] user_registration.DEBUG: PHPMailer [level 2]: SERVER -> CLIENT: 250 2.1.0 OK 5b1f17b1804b1-4409d29ba96sm196176185e9.8 - gsmtp  [] []
[2025-04-29T16:53:20.785567+02:00] user_registration.DEBUG: PHPMailer [level 1]: CLIENT -> SERVER: RCPT TO:<kevin.krummsdorf1995@outlook.de>  [] []
[2025-04-29T16:53:20.800519+02:00] user_registration.DEBUG: PHPMailer [level 2]: SERVER -> CLIENT: 250 2.1.5 OK 5b1f17b1804b1-4409d29ba96sm196176185e9.8 - gsmtp  [] []
[2025-04-29T16:53:20.800629+02:00] user_registration.DEBUG: PHPMailer [level 1]: CLIENT -> SERVER: DATA  [] []
[2025-04-29T16:53:20.931558+02:00] user_registration.DEBUG: PHPMailer [level 2]: SERVER -> CLIENT: 354 Go ahead 5b1f17b1804b1-4409d29ba96sm196176185e9.8 - gsmtp  [] []
[2025-04-29T16:53:20.931647+02:00] user_registration.DEBUG: PHPMailer [level 1]: CLIENT -> SERVER: Date: Tue, 29 Apr 2025 16:53:20 +0200  [] []
[2025-04-29T16:53:20.931731+02:00] user_registration.DEBUG: PHPMailer [level 1]: CLIENT -> SERVER: To: kekr7190 <kevin.krummsdorf1995@outlook.de>  [] []
[2025-04-29T16:53:20.931794+02:00] user_registration.DEBUG: PHPMailer [level 1]: CLIENT -> SERVER: From: StudyHub <studyhub.iksy@gmail.com>  [] []
[2025-04-29T16:53:20.931833+02:00] user_registration.DEBUG: PHPMailer [level 1]: CLIENT -> SERVER: Subject: =?UTF-8?Q?Bitte_best=C3=A4tige_deine_E-Mail-Adresse?=  [] []
[2025-04-29T16:53:20.931868+02:00] user_registration.DEBUG: PHPMailer [level 1]: CLIENT -> SERVER: Message-ID: <8ylZrBC3o0KY67UJ9ETSXfnXqHhpeWip9MW0CQBwlPA@iksy.kev-network.de>  [] []
[2025-04-29T16:53:20.931902+02:00] user_registration.DEBUG: PHPMailer [level 1]: CLIENT -> SERVER: X-Mailer: PHPMailer 6.10.0 (https://github.com/PHPMailer/PHPMailer)  [] []
[2025-04-29T16:53:20.931935+02:00] user_registration.DEBUG: PHPMailer [level 1]: CLIENT -> SERVER: MIME-Version: 1.0  [] []
[2025-04-29T16:53:20.931969+02:00] user_registration.DEBUG: PHPMailer [level 1]: CLIENT -> SERVER: Content-Type: multipart/alternative;  [] []
[2025-04-29T16:53:20.932001+02:00] user_registration.DEBUG: PHPMailer [level 1]: CLIENT -> SERVER:  boundary="b1=_8ylZrBC3o0KY67UJ9ETSXfnXqHhpeWip9MW0CQBwlPA"  [] []
[2025-04-29T16:53:20.932035+02:00] user_registration.DEBUG: PHPMailer [level 1]: CLIENT -> SERVER:   [] []
[2025-04-29T16:53:20.932068+02:00] user_registration.DEBUG: PHPMailer [level 1]: CLIENT -> SERVER: --b1=_8ylZrBC3o0KY67UJ9ETSXfnXqHhpeWip9MW0CQBwlPA  [] []
[2025-04-29T16:53:20.932100+02:00] user_registration.DEBUG: PHPMailer [level 1]: CLIENT -> SERVER: Content-Type: text/plain; charset=UTF-8  [] []
[2025-04-29T16:53:20.932132+02:00] user_registration.DEBUG: PHPMailer [level 1]: CLIENT -> SERVER: Content-Transfer-Encoding: quoted-printable  [] []
[2025-04-29T16:53:20.932164+02:00] user_registration.DEBUG: PHPMailer [level 1]: CLIENT -> SERVER:   [] []
[2025-04-29T16:53:20.932196+02:00] user_registration.DEBUG: PHPMailer [level 1]: CLIENT -> SERVER: Hallo kekr7190,=0ABest=C3=A4tige deine E-Mail mit:=0Ahttps://iksy.kev-netwo=  [] []
[2025-04-29T16:53:20.932229+02:00] user_registration.DEBUG: PHPMailer [level 1]: CLIENT -> SERVER: rk.de/verify.php?token=3D314005000163dd56a3d2fdfe5119dc9ef8ab05d42b52bb9f6c=  [] []
[2025-04-29T16:53:20.932261+02:00] user_registration.DEBUG: PHPMailer [level 1]: CLIENT -> SERVER: fb7a46e052bffae90237d983d4b08a6ff549e002ff30baccdc00260cbdb2b00b240a4364eda=  [] []
[2025-04-29T16:53:20.932293+02:00] user_registration.DEBUG: PHPMailer [level 1]: CLIENT -> SERVER: 35ad9e6afb95ad3c494b87f687446c8bab2b36917a13b022796374df97d6472c2fc2a3ee916=  [] []
[2025-04-29T16:53:20.932325+02:00] user_registration.DEBUG: PHPMailer [level 1]: CLIENT -> SERVER: =0A=0AStudyHub-Team  [] []
[2025-04-29T16:53:20.932357+02:00] user_registration.DEBUG: PHPMailer [level 1]: CLIENT -> SERVER: --b1=_8ylZrBC3o0KY67UJ9ETSXfnXqHhpeWip9MW0CQBwlPA  [] []
[2025-04-29T16:53:20.932389+02:00] user_registration.DEBUG: PHPMailer [level 1]: CLIENT -> SERVER: Content-Type: text/html; charset=UTF-8  [] []
[2025-04-29T16:53:20.932434+02:00] user_registration.DEBUG: PHPMailer [level 1]: CLIENT -> SERVER: Content-Transfer-Encoding: quoted-printable  [] []
[2025-04-29T16:53:20.932471+02:00] user_registration.DEBUG: PHPMailer [level 1]: CLIENT -> SERVER:   [] []
[2025-04-29T16:53:20.932503+02:00] user_registration.DEBUG: PHPMailer [level 1]: CLIENT -> SERVER: =0A            <p>Hallo <strong>kekr7190</strong>,</p>=0A            <p>kli=  [] []
[2025-04-29T16:53:20.932535+02:00] user_registration.DEBUG: PHPMailer [level 1]: CLIENT -> SERVER: cke auf diesen Link, um deine E-Mail zu best=C3=A4tigen:</p>=0A            =  [] []
[2025-04-29T16:53:20.932567+02:00] user_registration.DEBUG: PHPMailer [level 1]: CLIENT -> SERVER: <p><a href=3D"https://iksy.kev-network.de/verify.php?token=3D314005000163dd=  [] []
[2025-04-29T16:53:20.932598+02:00] user_registration.DEBUG: PHPMailer [level 1]: CLIENT -> SERVER: 56a3d2fdfe5119dc9ef8ab05d42b52bb9f6cfb7a46e052bffae90237d983d4b08a6ff549e00=  [] []
[2025-04-29T16:53:20.932629+02:00] user_registration.DEBUG: PHPMailer [level 1]: CLIENT -> SERVER: 2ff30baccdc00260cbdb2b00b240a4364eda35ad9e6afb95ad3c494b87f687446c8bab2b369=  [] []
[2025-04-29T16:53:20.932668+02:00] user_registration.DEBUG: PHPMailer [level 1]: CLIENT -> SERVER: 17a13b022796374df97d6472c2fc2a3ee916">E-Mail-Adresse jetzt best=C3=A4tigen<=  [] []
[2025-04-29T16:53:20.932701+02:00] user_registration.DEBUG: PHPMailer [level 1]: CLIENT -> SERVER: /a></p>=0A            <p>Viele Gr=C3=BC=C3=9Fe,<br>StudyHub-Team</p>=0A    =  [] []
[2025-04-29T16:53:20.932732+02:00] user_registration.DEBUG: PHPMailer [level 1]: CLIENT -> SERVER:       [] []
[2025-04-29T16:53:20.932764+02:00] user_registration.DEBUG: PHPMailer [level 1]: CLIENT -> SERVER:   [] []
[2025-04-29T16:53:20.932795+02:00] user_registration.DEBUG: PHPMailer [level 1]: CLIENT -> SERVER: --b1=_8ylZrBC3o0KY67UJ9ETSXfnXqHhpeWip9MW0CQBwlPA--  [] []
[2025-04-29T16:53:20.932827+02:00] user_registration.DEBUG: PHPMailer [level 1]: CLIENT -> SERVER:   [] []
[2025-04-29T16:53:20.932866+02:00] user_registration.DEBUG: PHPMailer [level 1]: CLIENT -> SERVER: .  [] []
[2025-04-29T16:53:21.361518+02:00] user_registration.DEBUG: PHPMailer [level 2]: SERVER -> CLIENT: 250 2.0.0 OK  1745938401 5b1f17b1804b1-4409d29ba96sm196176185e9.8 - gsmtp  [] []
[2025-04-29T16:53:21.362184+02:00] user_registration.DEBUG: PHPMailer [level 1]: CLIENT -> SERVER: QUIT  [] []
[2025-04-29T16:53:21.377150+02:00] user_registration.DEBUG: PHPMailer [level 2]: SERVER -> CLIENT: 221 2.0.0 closing connection 5b1f17b1804b1-4409d29ba96sm196176185e9.8 - gsmtp  [] []
[2025-04-29T16:57:28.092988+02:00] user_registration.INFO: Registrierung erfolgreich {"username":"kekr7190"} []
[2025-04-29T16:57:28.133937+02:00] user_registration.DEBUG: PHPMailer [level 2]: SERVER -> CLIENT: 220 smtp.gmail.com ESMTP 5b1f17b1804b1-4409d2dfde6sm189493475e9.36 - gsmtp  [] []
[2025-04-29T16:57:28.134017+02:00] user_registration.DEBUG: PHPMailer [level 1]: CLIENT -> SERVER: EHLO iksy.kev-network.de  [] []
[2025-04-29T16:57:28.152878+02:00] user_registration.DEBUG: PHPMailer [level 2]: SERVER -> CLIENT: 250-smtp.gmail.com at your service, [2003:f1:1f28:4b00:8eec:4bff:fe6e:5ebf] 250-SIZE 35882577 250-8BITMIME 250-STARTTLS 250-ENHANCEDSTATUSCODES 250-PIPELINING 250-CHUNKING 250 SMTPUTF8  [] []
[2025-04-29T16:57:28.152997+02:00] user_registration.DEBUG: PHPMailer [level 1]: CLIENT -> SERVER: STARTTLS  [] []
[2025-04-29T16:57:28.169532+02:00] user_registration.DEBUG: PHPMailer [level 2]: SERVER -> CLIENT: 220 2.0.0 Ready to start TLS  [] []
[2025-04-29T16:57:28.240705+02:00] user_registration.DEBUG: PHPMailer [level 1]: CLIENT -> SERVER: EHLO iksy.kev-network.de  [] []
[2025-04-29T16:57:28.277983+02:00] user_registration.DEBUG: PHPMailer [level 2]: SERVER -> CLIENT: 250-smtp.gmail.com at your service, [2003:f1:1f28:4b00:8eec:4bff:fe6e:5ebf] 250-SIZE 35882577 250-8BITMIME 250-AUTH LOGIN PLAIN XOAUTH2 PLAIN-CLIENTTOKEN OAUTHBEARER XOAUTH 250-ENHANCEDSTATUSCODES 250-PIPELINING 250-CHUNKING 250 SMTPUTF8  [] []
[2025-04-29T16:57:28.278081+02:00] user_registration.DEBUG: PHPMailer [level 1]: CLIENT -> SERVER: AUTH LOGIN  [] []
[2025-04-29T16:57:28.294977+02:00] user_registration.DEBUG: PHPMailer [level 2]: SERVER -> CLIENT: 334 VXNlcm5hbWU6  [] []
[2025-04-29T16:57:28.295099+02:00] user_registration.DEBUG: PHPMailer [level 1]: CLIENT -> SERVER: [credentials hidden] [] []
[2025-04-29T16:57:28.311811+02:00] user_registration.DEBUG: PHPMailer [level 2]: SERVER -> CLIENT: 334 UGFzc3dvcmQ6  [] []
[2025-04-29T16:57:28.311950+02:00] user_registration.DEBUG: PHPMailer [level 1]: CLIENT -> SERVER: [credentials hidden] [] []
[2025-04-29T16:57:28.544786+02:00] user_registration.DEBUG: PHPMailer [level 2]: SERVER -> CLIENT: 235 2.7.0 Accepted  [] []
[2025-04-29T16:57:28.544949+02:00] user_registration.DEBUG: PHPMailer [level 1]: CLIENT -> SERVER: MAIL FROM:<studyhub.iksy@gmail.com>  [] []
[2025-04-29T16:57:28.561486+02:00] user_registration.DEBUG: PHPMailer [level 2]: SERVER -> CLIENT: 250 2.1.0 OK 5b1f17b1804b1-4409d2dfde6sm189493475e9.36 - gsmtp  [] []
[2025-04-29T16:57:28.561645+02:00] user_registration.DEBUG: PHPMailer [level 1]: CLIENT -> SERVER: RCPT TO:<kevin.krummsdorf1995@outlook.de>  [] []
[2025-04-29T16:57:28.578567+02:00] user_registration.DEBUG: PHPMailer [level 2]: SERVER -> CLIENT: 250 2.1.5 OK 5b1f17b1804b1-4409d2dfde6sm189493475e9.36 - gsmtp  [] []
[2025-04-29T16:57:28.578727+02:00] user_registration.DEBUG: PHPMailer [level 1]: CLIENT -> SERVER: DATA  [] []
[2025-04-29T16:57:28.715080+02:00] user_registration.DEBUG: PHPMailer [level 2]: SERVER -> CLIENT: 354 Go ahead 5b1f17b1804b1-4409d2dfde6sm189493475e9.36 - gsmtp  [] []
[2025-04-29T16:57:28.715197+02:00] user_registration.DEBUG: PHPMailer [level 1]: CLIENT -> SERVER: Date: Tue, 29 Apr 2025 16:57:28 +0200  [] []
[2025-04-29T16:57:28.715315+02:00] user_registration.DEBUG: PHPMailer [level 1]: CLIENT -> SERVER: To: kekr7190 <kevin.krummsdorf1995@outlook.de>  [] []
[2025-04-29T16:57:28.715439+02:00] user_registration.DEBUG: PHPMailer [level 1]: CLIENT -> SERVER: From: StudyHub <studyhub.iksy@gmail.com>  [] []
[2025-04-29T16:57:28.715499+02:00] user_registration.DEBUG: PHPMailer [level 1]: CLIENT -> SERVER: Subject: =?UTF-8?Q?Bitte_best=C3=A4tige_deine_E-Mail-Adresse?=  [] []
[2025-04-29T16:57:28.715553+02:00] user_registration.DEBUG: PHPMailer [level 1]: CLIENT -> SERVER: Message-ID: <Q7rHWiQgAk2mlpdYdo7urYWsT5jXnFB2O9PdDmro3w@iksy.kev-network.de>  [] []
[2025-04-29T16:57:28.715607+02:00] user_registration.DEBUG: PHPMailer [level 1]: CLIENT -> SERVER: X-Mailer: PHPMailer 6.10.0 (https://github.com/PHPMailer/PHPMailer)  [] []
[2025-04-29T16:57:28.715657+02:00] user_registration.DEBUG: PHPMailer [level 1]: CLIENT -> SERVER: MIME-Version: 1.0  [] []
[2025-04-29T16:57:28.715710+02:00] user_registration.DEBUG: PHPMailer [level 1]: CLIENT -> SERVER: Content-Type: multipart/alternative;  [] []
[2025-04-29T16:57:28.715760+02:00] user_registration.DEBUG: PHPMailer [level 1]: CLIENT -> SERVER:  boundary="b1=_Q7rHWiQgAk2mlpdYdo7urYWsT5jXnFB2O9PdDmro3w"  [] []
[2025-04-29T16:57:28.715811+02:00] user_registration.DEBUG: PHPMailer [level 1]: CLIENT -> SERVER:   [] []
[2025-04-29T16:57:28.715862+02:00] user_registration.DEBUG: PHPMailer [level 1]: CLIENT -> SERVER: --b1=_Q7rHWiQgAk2mlpdYdo7urYWsT5jXnFB2O9PdDmro3w  [] []
[2025-04-29T16:57:28.715912+02:00] user_registration.DEBUG: PHPMailer [level 1]: CLIENT -> SERVER: Content-Type: text/plain; charset=UTF-8  [] []
[2025-04-29T16:57:28.715962+02:00] user_registration.DEBUG: PHPMailer [level 1]: CLIENT -> SERVER: Content-Transfer-Encoding: quoted-printable  [] []
[2025-04-29T16:57:28.716012+02:00] user_registration.DEBUG: PHPMailer [level 1]: CLIENT -> SERVER:   [] []
[2025-04-29T16:57:28.716061+02:00] user_registration.DEBUG: PHPMailer [level 1]: CLIENT -> SERVER: Hallo kekr7190,=0ABest=C3=A4tige deine E-Mail mit:=0Ahttps://iksy.kev-netwo=  [] []
[2025-04-29T16:57:28.716110+02:00] user_registration.DEBUG: PHPMailer [level 1]: CLIENT -> SERVER: rk.de/verify.php?token=3D31400500b6e1b13535735b59ec28ed99e7b418cc9d70503fc9=  [] []
[2025-04-29T16:57:28.716159+02:00] user_registration.DEBUG: PHPMailer [level 1]: CLIENT -> SERVER: 3b02964459777397d7b0203ec5b4361f3dac2e8e8ed494f13127c6a0efd4a0809450ace5553=  [] []
[2025-04-29T16:57:28.716208+02:00] user_registration.DEBUG: PHPMailer [level 1]: CLIENT -> SERVER: 8e27b817db4fb57e26e141716da696d5991d509a24449fe06dd6e703a9e4cad6e2984b760a5=  [] []
[2025-04-29T16:57:28.716258+02:00] user_registration.DEBUG: PHPMailer [level 1]: CLIENT -> SERVER: =0A=0AStudyHub-Team  [] []
[2025-04-29T16:57:28.716307+02:00] user_registration.DEBUG: PHPMailer [level 1]: CLIENT -> SERVER: --b1=_Q7rHWiQgAk2mlpdYdo7urYWsT5jXnFB2O9PdDmro3w  [] []
[2025-04-29T16:57:28.716356+02:00] user_registration.DEBUG: PHPMailer [level 1]: CLIENT -> SERVER: Content-Type: text/html; charset=UTF-8  [] []
[2025-04-29T16:57:28.716426+02:00] user_registration.DEBUG: PHPMailer [level 1]: CLIENT -> SERVER: Content-Transfer-Encoding: quoted-printable  [] []
[2025-04-29T16:57:28.716482+02:00] user_registration.DEBUG: PHPMailer [level 1]: CLIENT -> SERVER:   [] []
[2025-04-29T16:57:28.716533+02:00] user_registration.DEBUG: PHPMailer [level 1]: CLIENT -> SERVER: =0A            <p>Hallo <strong>kekr7190</strong>,</p>=0A            <p>kli=  [] []
[2025-04-29T16:57:28.716600+02:00] user_registration.DEBUG: PHPMailer [level 1]: CLIENT -> SERVER: cke auf diesen Link, um deine E-Mail zu best=C3=A4tigen:</p>=0A            =  [] []
[2025-04-29T16:57:28.716651+02:00] user_registration.DEBUG: PHPMailer [level 1]: CLIENT -> SERVER: <p><a href=3D"https://iksy.kev-network.de/verify.php?token=3D31400500b6e1b1=  [] []
[2025-04-29T16:57:28.716700+02:00] user_registration.DEBUG: PHPMailer [level 1]: CLIENT -> SERVER: 3535735b59ec28ed99e7b418cc9d70503fc93b02964459777397d7b0203ec5b4361f3dac2e8=  [] []
[2025-04-29T16:57:28.716748+02:00] user_registration.DEBUG: PHPMailer [level 1]: CLIENT -> SERVER: e8ed494f13127c6a0efd4a0809450ace55538e27b817db4fb57e26e141716da696d5991d509=  [] []
[2025-04-29T16:57:28.716796+02:00] user_registration.DEBUG: PHPMailer [level 1]: CLIENT -> SERVER: a24449fe06dd6e703a9e4cad6e2984b760a5">E-Mail-Adresse jetzt best=C3=A4tigen<=  [] []
[2025-04-29T16:57:28.716844+02:00] user_registration.DEBUG: PHPMailer [level 1]: CLIENT -> SERVER: /a></p>=0A            <p>Viele Gr=C3=BC=C3=9Fe,<br>StudyHub-Team</p>=0A    =  [] []
[2025-04-29T16:57:28.716892+02:00] user_registration.DEBUG: PHPMailer [level 1]: CLIENT -> SERVER:       [] []
[2025-04-29T16:57:28.716941+02:00] user_registration.DEBUG: PHPMailer [level 1]: CLIENT -> SERVER:   [] []
[2025-04-29T16:57:28.716989+02:00] user_registration.DEBUG: PHPMailer [level 1]: CLIENT -> SERVER: --b1=_Q7rHWiQgAk2mlpdYdo7urYWsT5jXnFB2O9PdDmro3w--  [] []
[2025-04-29T16:57:28.717038+02:00] user_registration.DEBUG: PHPMailer [level 1]: CLIENT -> SERVER:   [] []
[2025-04-29T16:57:28.717097+02:00] user_registration.DEBUG: PHPMailer [level 1]: CLIENT -> SERVER: .  [] []
[2025-04-29T16:57:29.171245+02:00] user_registration.DEBUG: PHPMailer [level 2]: SERVER -> CLIENT: 250 2.0.0 OK  1745938649 5b1f17b1804b1-4409d2dfde6sm189493475e9.36 - gsmtp  [] []
[2025-04-29T16:57:29.171756+02:00] user_registration.DEBUG: PHPMailer [level 1]: CLIENT -> SERVER: QUIT  [] []
[2025-04-29T16:57:29.188315+02:00] user_registration.DEBUG: PHPMailer [level 2]: SERVER -> CLIENT: 221 2.0.0 closing connection 5b1f17b1804b1-4409d2dfde6sm189493475e9.36 - gsmtp  [] []
[2025-04-29T17:07:48.903305+02:00] user_registration.INFO: Registrierung erfolgreich {"username":"kekr7190"} []
[2025-04-29T17:07:49.065442+02:00] user_registration.DEBUG: PHPMailer [level 2]: SERVER -> CLIENT: 220 smtp.gmail.com ESMTP ffacd0b85a97d-3a07a5ed2e0sm11694864f8f.39 - gsmtp  [] []
[2025-04-29T17:07:49.065629+02:00] user_registration.DEBUG: PHPMailer [level 1]: CLIENT -> SERVER: EHLO iksy.kev-network.de  [] []
[2025-04-29T17:07:49.087287+02:00] user_registration.DEBUG: PHPMailer [level 2]: SERVER -> CLIENT: 250-smtp.gmail.com at your service, [2003:f1:1f28:4b00:8eec:4bff:fe6e:5ebf] 250-SIZE 35882577 250-8BITMIME 250-STARTTLS 250-ENHANCEDSTATUSCODES 250-PIPELINING 250-CHUNKING 250 SMTPUTF8  [] []
[2025-04-29T17:07:49.087524+02:00] user_registration.DEBUG: PHPMailer [level 1]: CLIENT -> SERVER: STARTTLS  [] []
[2025-04-29T17:07:49.102270+02:00] user_registration.DEBUG: PHPMailer [level 2]: SERVER -> CLIENT: 220 2.0.0 Ready to start TLS  [] []
[2025-04-29T17:07:49.174618+02:00] user_registration.DEBUG: PHPMailer [level 1]: CLIENT -> SERVER: EHLO iksy.kev-network.de  [] []
[2025-04-29T17:07:49.207896+02:00] user_registration.DEBUG: PHPMailer [level 2]: SERVER -> CLIENT: 250-smtp.gmail.com at your service, [2003:f1:1f28:4b00:8eec:4bff:fe6e:5ebf] 250-SIZE 35882577 250-8BITMIME 250-AUTH LOGIN PLAIN XOAUTH2 PLAIN-CLIENTTOKEN OAUTHBEARER XOAUTH 250-ENHANCEDSTATUSCODES 250-PIPELINING 250-CHUNKING 250 SMTPUTF8  [] []
[2025-04-29T17:07:49.207978+02:00] user_registration.DEBUG: PHPMailer [level 1]: CLIENT -> SERVER: AUTH LOGIN  [] []
[2025-04-29T17:07:49.222456+02:00] user_registration.DEBUG: PHPMailer [level 2]: SERVER -> CLIENT: 334 VXNlcm5hbWU6  [] []
[2025-04-29T17:07:49.222547+02:00] user_registration.DEBUG: PHPMailer [level 1]: CLIENT -> SERVER: [credentials hidden] [] []
[2025-04-29T17:07:49.237095+02:00] user_registration.DEBUG: PHPMailer [level 2]: SERVER -> CLIENT: 334 UGFzc3dvcmQ6  [] []
[2025-04-29T17:07:49.237232+02:00] user_registration.DEBUG: PHPMailer [level 1]: CLIENT -> SERVER: [credentials hidden] [] []
[2025-04-29T17:07:49.438587+02:00] user_registration.DEBUG: PHPMailer [level 2]: SERVER -> CLIENT: 235 2.7.0 Accepted  [] []
[2025-04-29T17:07:49.438661+02:00] user_registration.DEBUG: PHPMailer [level 1]: CLIENT -> SERVER: MAIL FROM:<studyhub.iksy@gmail.com>  [] []
[2025-04-29T17:07:49.453182+02:00] user_registration.DEBUG: PHPMailer [level 2]: SERVER -> CLIENT: 250 2.1.0 OK ffacd0b85a97d-3a07a5ed2e0sm11694864f8f.39 - gsmtp  [] []
[2025-04-29T17:07:49.453277+02:00] user_registration.DEBUG: PHPMailer [level 1]: CLIENT -> SERVER: RCPT TO:<kevin.krummsdorf1995@outlook.de>  [] []
[2025-04-29T17:07:49.467844+02:00] user_registration.DEBUG: PHPMailer [level 2]: SERVER -> CLIENT: 250 2.1.5 OK ffacd0b85a97d-3a07a5ed2e0sm11694864f8f.39 - gsmtp  [] []
[2025-04-29T17:07:49.467972+02:00] user_registration.DEBUG: PHPMailer [level 1]: CLIENT -> SERVER: DATA  [] []
[2025-04-29T17:07:49.615606+02:00] user_registration.DEBUG: PHPMailer [level 2]: SERVER -> CLIENT: 354 Go ahead ffacd0b85a97d-3a07a5ed2e0sm11694864f8f.39 - gsmtp  [] []
[2025-04-29T17:07:49.615774+02:00] user_registration.DEBUG: PHPMailer [level 1]: CLIENT -> SERVER: Date: Tue, 29 Apr 2025 17:07:48 +0200  [] []
[2025-04-29T17:07:49.615941+02:00] user_registration.DEBUG: PHPMailer [level 1]: CLIENT -> SERVER: To: kekr7190 <kevin.krummsdorf1995@outlook.de>  [] []
[2025-04-29T17:07:49.616041+02:00] user_registration.DEBUG: PHPMailer [level 1]: CLIENT -> SERVER: From: StudyHub <studyhub.iksy@gmail.com>  [] []
[2025-04-29T17:07:49.616120+02:00] user_registration.DEBUG: PHPMailer [level 1]: CLIENT -> SERVER: Subject: =?UTF-8?Q?Bitte_best=C3=A4tige_deine_E-Mail-Adresse?=  [] []
[2025-04-29T17:07:49.616196+02:00] user_registration.DEBUG: PHPMailer [level 1]: CLIENT -> SERVER: Message-ID: <MdKwsbvw2lWxFgFxFtXqH9oqID013tphqkZb5NU6M@iksy.kev-network.de>  [] []
[2025-04-29T17:07:49.616269+02:00] user_registration.DEBUG: PHPMailer [level 1]: CLIENT -> SERVER: X-Mailer: PHPMailer 6.10.0 (https://github.com/PHPMailer/PHPMailer)  [] []
[2025-04-29T17:07:49.616340+02:00] user_registration.DEBUG: PHPMailer [level 1]: CLIENT -> SERVER: MIME-Version: 1.0  [] []
[2025-04-29T17:07:49.616414+02:00] user_registration.DEBUG: PHPMailer [level 1]: CLIENT -> SERVER: Content-Type: multipart/alternative;  [] []
[2025-04-29T17:07:49.616485+02:00] user_registration.DEBUG: PHPMailer [level 1]: CLIENT -> SERVER:  boundary="b1=_MdKwsbvw2lWxFgFxFtXqH9oqID013tphqkZb5NU6M"  [] []
[2025-04-29T17:07:49.616556+02:00] user_registration.DEBUG: PHPMailer [level 1]: CLIENT -> SERVER:   [] []
[2025-04-29T17:07:49.616627+02:00] user_registration.DEBUG: PHPMailer [level 1]: CLIENT -> SERVER: --b1=_MdKwsbvw2lWxFgFxFtXqH9oqID013tphqkZb5NU6M  [] []
[2025-04-29T17:07:49.616698+02:00] user_registration.DEBUG: PHPMailer [level 1]: CLIENT -> SERVER: Content-Type: text/plain; charset=UTF-8  [] []
[2025-04-29T17:07:49.616768+02:00] user_registration.DEBUG: PHPMailer [level 1]: CLIENT -> SERVER: Content-Transfer-Encoding: quoted-printable  [] []
[2025-04-29T17:07:49.616837+02:00] user_registration.DEBUG: PHPMailer [level 1]: CLIENT -> SERVER:   [] []
[2025-04-29T17:07:49.616907+02:00] user_registration.DEBUG: PHPMailer [level 1]: CLIENT -> SERVER: Hallo kekr7190,=0ABest=C3=A4tige deine E-Mail mit:=0Ahttps://iksy.kev-netwo=  [] []
[2025-04-29T17:07:49.616976+02:00] user_registration.DEBUG: PHPMailer [level 1]: CLIENT -> SERVER: rk.de/verify.php?token=3D314005000c93cf2d82bddc0e40b9763a183418017f92c682dc=  [] []
[2025-04-29T17:07:49.617044+02:00] user_registration.DEBUG: PHPMailer [level 1]: CLIENT -> SERVER: 0bc7cccf21da0de37fd9e91481ecfb9749ed3c3b756cea30c05c1e026448669c7def30f340b=  [] []
[2025-04-29T17:07:49.617114+02:00] user_registration.DEBUG: PHPMailer [level 1]: CLIENT -> SERVER: ee8b831e3c3c75a079f879463232b310d2c2b0c17f51e343355e22323c5d59c076b32bd2c2c=  [] []
[2025-04-29T17:07:49.617184+02:00] user_registration.DEBUG: PHPMailer [level 1]: CLIENT -> SERVER: =0A=0AStudyHub-Team  [] []
[2025-04-29T17:07:49.617283+02:00] user_registration.DEBUG: PHPMailer [level 1]: CLIENT -> SERVER: --b1=_MdKwsbvw2lWxFgFxFtXqH9oqID013tphqkZb5NU6M  [] []
[2025-04-29T17:07:49.617357+02:00] user_registration.DEBUG: PHPMailer [level 1]: CLIENT -> SERVER: Content-Type: text/html; charset=UTF-8  [] []
[2025-04-29T17:07:49.617425+02:00] user_registration.DEBUG: PHPMailer [level 1]: CLIENT -> SERVER: Content-Transfer-Encoding: quoted-printable  [] []
[2025-04-29T17:07:49.617523+02:00] user_registration.DEBUG: PHPMailer [level 1]: CLIENT -> SERVER:   [] []
[2025-04-29T17:07:49.617601+02:00] user_registration.DEBUG: PHPMailer [level 1]: CLIENT -> SERVER: =0A            <p>Hallo <strong>kekr7190</strong>,</p>=0A            <p>kli=  [] []
[2025-04-29T17:07:49.617672+02:00] user_registration.DEBUG: PHPMailer [level 1]: CLIENT -> SERVER: cke auf diesen Link, um deine E-Mail zu best=C3=A4tigen:</p>=0A            =  [] []
[2025-04-29T17:07:49.617740+02:00] user_registration.DEBUG: PHPMailer [level 1]: CLIENT -> SERVER: <p><a href=3D"https://iksy.kev-network.de/verify.php?token=3D314005000c93cf=  [] []
[2025-04-29T17:07:49.617807+02:00] user_registration.DEBUG: PHPMailer [level 1]: CLIENT -> SERVER: 2d82bddc0e40b9763a183418017f92c682dc0bc7cccf21da0de37fd9e91481ecfb9749ed3c3=  [] []
[2025-04-29T17:07:49.617875+02:00] user_registration.DEBUG: PHPMailer [level 1]: CLIENT -> SERVER: b756cea30c05c1e026448669c7def30f340bee8b831e3c3c75a079f879463232b310d2c2b0c=  [] []
[2025-04-29T17:07:49.617942+02:00] user_registration.DEBUG: PHPMailer [level 1]: CLIENT -> SERVER: 17f51e343355e22323c5d59c076b32bd2c2c">E-Mail-Adresse jetzt best=C3=A4tigen<=  [] []
[2025-04-29T17:07:49.618009+02:00] user_registration.DEBUG: PHPMailer [level 1]: CLIENT -> SERVER: /a></p>=0A            <p>Viele Gr=C3=BC=C3=9Fe,<br>StudyHub-Team</p>=0A    =  [] []
[2025-04-29T17:07:49.618077+02:00] user_registration.DEBUG: PHPMailer [level 1]: CLIENT -> SERVER:       [] []
[2025-04-29T17:07:49.618145+02:00] user_registration.DEBUG: PHPMailer [level 1]: CLIENT -> SERVER:   [] []
[2025-04-29T17:07:49.618212+02:00] user_registration.DEBUG: PHPMailer [level 1]: CLIENT -> SERVER: --b1=_MdKwsbvw2lWxFgFxFtXqH9oqID013tphqkZb5NU6M--  [] []
[2025-04-29T17:07:49.618281+02:00] user_registration.DEBUG: PHPMailer [level 1]: CLIENT -> SERVER:   [] []
[2025-04-29T17:07:49.618363+02:00] user_registration.DEBUG: PHPMailer [level 1]: CLIENT -> SERVER: .  [] []
[2025-04-29T17:07:50.194833+02:00] user_registration.DEBUG: PHPMailer [level 2]: SERVER -> CLIENT: 250 2.0.0 OK  1745939270 ffacd0b85a97d-3a07a5ed2e0sm11694864f8f.39 - gsmtp  [] []
[2025-04-29T17:07:50.195532+02:00] user_registration.DEBUG: PHPMailer [level 1]: CLIENT -> SERVER: QUIT  [] []
[2025-04-29T17:07:50.210499+02:00] user_registration.DEBUG: PHPMailer [level 2]: SERVER -> CLIENT: 221 2.0.0 closing connection ffacd0b85a97d-3a07a5ed2e0sm11694864f8f.39 - gsmtp  [] []
[2025-04-30T12:54:55.172038+02:00] user_registration.INFO: Registrierung erfolgreich {"username":"kekr7190"} []
[2025-04-30T12:54:55.330581+02:00] user_registration.DEBUG: PHPMailer [level 2]: SERVER -> CLIENT: 220 smtp.gmail.com ESMTP ffacd0b85a97d-3a073e5d264sm17071565f8f.95 - gsmtp  [] []
[2025-04-30T12:54:55.330759+02:00] user_registration.DEBUG: PHPMailer [level 1]: CLIENT -> SERVER: EHLO iksy.kev-network.de  [] []
[2025-04-30T12:54:55.350353+02:00] user_registration.DEBUG: PHPMailer [level 2]: SERVER -> CLIENT: 250-smtp.gmail.com at your service, [2003:f1:1f28:4b00:8eec:4bff:fe6e:5ebf] 250-SIZE 35882577 250-8BITMIME 250-STARTTLS 250-ENHANCEDSTATUSCODES 250-PIPELINING 250-CHUNKING 250 SMTPUTF8  [] []
[2025-04-30T12:54:55.350517+02:00] user_registration.DEBUG: PHPMailer [level 1]: CLIENT -> SERVER: STARTTLS  [] []
[2025-04-30T12:54:55.366455+02:00] user_registration.DEBUG: PHPMailer [level 2]: SERVER -> CLIENT: 220 2.0.0 Ready to start TLS  [] []
[2025-04-30T12:54:55.438286+02:00] user_registration.DEBUG: PHPMailer [level 1]: CLIENT -> SERVER: EHLO iksy.kev-network.de  [] []
[2025-04-30T12:54:55.474945+02:00] user_registration.DEBUG: PHPMailer [level 2]: SERVER -> CLIENT: 250-smtp.gmail.com at your service, [2003:f1:1f28:4b00:8eec:4bff:fe6e:5ebf] 250-SIZE 35882577 250-8BITMIME 250-AUTH LOGIN PLAIN XOAUTH2 PLAIN-CLIENTTOKEN OAUTHBEARER XOAUTH 250-ENHANCEDSTATUSCODES 250-PIPELINING 250-CHUNKING 250 SMTPUTF8  [] []
[2025-04-30T12:54:55.475042+02:00] user_registration.DEBUG: PHPMailer [level 1]: CLIENT -> SERVER: AUTH LOGIN  [] []
[2025-04-30T12:54:55.490955+02:00] user_registration.DEBUG: PHPMailer [level 2]: SERVER -> CLIENT: 334 VXNlcm5hbWU6  [] []
[2025-04-30T12:54:55.491066+02:00] user_registration.DEBUG: PHPMailer [level 1]: CLIENT -> SERVER: [credentials hidden] [] []
[2025-04-30T12:54:55.507277+02:00] user_registration.DEBUG: PHPMailer [level 2]: SERVER -> CLIENT: 334 UGFzc3dvcmQ6  [] []
[2025-04-30T12:54:55.507415+02:00] user_registration.DEBUG: PHPMailer [level 1]: CLIENT -> SERVER: [credentials hidden] [] []
[2025-04-30T12:54:55.733535+02:00] user_registration.DEBUG: PHPMailer [level 2]: SERVER -> CLIENT: 235 2.7.0 Accepted  [] []
[2025-04-30T12:54:55.733695+02:00] user_registration.DEBUG: PHPMailer [level 1]: CLIENT -> SERVER: MAIL FROM:<studyhub.iksy@gmail.com>  [] []
[2025-04-30T12:54:55.749722+02:00] user_registration.DEBUG: PHPMailer [level 2]: SERVER -> CLIENT: 250 2.1.0 OK ffacd0b85a97d-3a073e5d264sm17071565f8f.95 - gsmtp  [] []
[2025-04-30T12:54:55.749880+02:00] user_registration.DEBUG: PHPMailer [level 1]: CLIENT -> SERVER: RCPT TO:<kevin.krummsdorf@stud.hs-bochum.de>  [] []
[2025-04-30T12:54:55.766401+02:00] user_registration.DEBUG: PHPMailer [level 2]: SERVER -> CLIENT: 250 2.1.5 OK ffacd0b85a97d-3a073e5d264sm17071565f8f.95 - gsmtp  [] []
[2025-04-30T12:54:55.766569+02:00] user_registration.DEBUG: PHPMailer [level 1]: CLIENT -> SERVER: DATA  [] []
[2025-04-30T12:54:55.953524+02:00] user_registration.DEBUG: PHPMailer [level 2]: SERVER -> CLIENT: 354 Go ahead ffacd0b85a97d-3a073e5d264sm17071565f8f.95 - gsmtp  [] []
[2025-04-30T12:54:55.953701+02:00] user_registration.DEBUG: PHPMailer [level 1]: CLIENT -> SERVER: Date: Wed, 30 Apr 2025 12:54:55 +0200  [] []
[2025-04-30T12:54:55.953883+02:00] user_registration.DEBUG: PHPMailer [level 1]: CLIENT -> SERVER: To: kekr7190 <kevin.krummsdorf@stud.hs-bochum.de>  [] []
[2025-04-30T12:54:55.953994+02:00] user_registration.DEBUG: PHPMailer [level 1]: CLIENT -> SERVER: From: StudyHub <studyhub.iksy@gmail.com>  [] []
[2025-04-30T12:54:55.954088+02:00] user_registration.DEBUG: PHPMailer [level 1]: CLIENT -> SERVER: Subject: =?UTF-8?Q?Bitte_best=C3=A4tige_deine_E-Mail-Adresse?=  [] []
[2025-04-30T12:54:55.954177+02:00] user_registration.DEBUG: PHPMailer [level 1]: CLIENT -> SERVER: Message-ID: <mlrCh4qK33xChhNIxhogvVh8cVlHt2jdrQQSnxmrYE@iksy.kev-network.de>  [] []
[2025-04-30T12:54:55.954260+02:00] user_registration.DEBUG: PHPMailer [level 1]: CLIENT -> SERVER: X-Mailer: PHPMailer 6.10.0 (https://github.com/PHPMailer/PHPMailer)  [] []
[2025-04-30T12:54:55.954338+02:00] user_registration.DEBUG: PHPMailer [level 1]: CLIENT -> SERVER: MIME-Version: 1.0  [] []
[2025-04-30T12:54:55.954417+02:00] user_registration.DEBUG: PHPMailer [level 1]: CLIENT -> SERVER: Content-Type: multipart/alternative;  [] []
[2025-04-30T12:54:55.954490+02:00] user_registration.DEBUG: PHPMailer [level 1]: CLIENT -> SERVER:  boundary="b1=_mlrCh4qK33xChhNIxhogvVh8cVlHt2jdrQQSnxmrYE"  [] []
[2025-04-30T12:54:55.954576+02:00] user_registration.DEBUG: PHPMailer [level 1]: CLIENT -> SERVER:   [] []
[2025-04-30T12:54:55.954657+02:00] user_registration.DEBUG: PHPMailer [level 1]: CLIENT -> SERVER: --b1=_mlrCh4qK33xChhNIxhogvVh8cVlHt2jdrQQSnxmrYE  [] []
[2025-04-30T12:54:55.954734+02:00] user_registration.DEBUG: PHPMailer [level 1]: CLIENT -> SERVER: Content-Type: text/plain; charset=UTF-8  [] []
[2025-04-30T12:54:55.954814+02:00] user_registration.DEBUG: PHPMailer [level 1]: CLIENT -> SERVER: Content-Transfer-Encoding: quoted-printable  [] []
[2025-04-30T12:54:55.954890+02:00] user_registration.DEBUG: PHPMailer [level 1]: CLIENT -> SERVER:   [] []
[2025-04-30T12:54:55.954971+02:00] user_registration.DEBUG: PHPMailer [level 1]: CLIENT -> SERVER: Hallo kekr7190,=0ABest=C3=A4tige deine E-Mail mit:=0Ahttps://iksy.kev-netwo=  [] []
[2025-04-30T12:54:55.955077+02:00] user_registration.DEBUG: PHPMailer [level 1]: CLIENT -> SERVER: rk.de/verify.php?token=3D31400500be32c3f42190c936f34723e44c23aa00ce0ba783eb=  [] []
[2025-04-30T12:54:55.955155+02:00] user_registration.DEBUG: PHPMailer [level 1]: CLIENT -> SERVER: a8a6d0441e11e93d76413da553080a4a1fe522e9b0f2b27a32a0ed804d44548b04560a27a64=  [] []
[2025-04-30T12:54:55.955228+02:00] user_registration.DEBUG: PHPMailer [level 1]: CLIENT -> SERVER: f1feb02de767d9b51b921a5c6e990808fbef00b4ca6ae3f8848242154fa8d355e8243ee429e=  [] []
[2025-04-30T12:54:55.955302+02:00] user_registration.DEBUG: PHPMailer [level 1]: CLIENT -> SERVER: =0A=0AStudyHub-Team  [] []
[2025-04-30T12:54:55.955385+02:00] user_registration.DEBUG: PHPMailer [level 1]: CLIENT -> SERVER: --b1=_mlrCh4qK33xChhNIxhogvVh8cVlHt2jdrQQSnxmrYE  [] []
[2025-04-30T12:54:55.955462+02:00] user_registration.DEBUG: PHPMailer [level 1]: CLIENT -> SERVER: Content-Type: text/html; charset=UTF-8  [] []
[2025-04-30T12:54:55.955570+02:00] user_registration.DEBUG: PHPMailer [level 1]: CLIENT -> SERVER: Content-Transfer-Encoding: quoted-printable  [] []
[2025-04-30T12:54:55.955653+02:00] user_registration.DEBUG: PHPMailer [level 1]: CLIENT -> SERVER:   [] []
[2025-04-30T12:54:55.955733+02:00] user_registration.DEBUG: PHPMailer [level 1]: CLIENT -> SERVER: =0A            <p>Hallo <strong>kekr7190</strong>,</p>=0A            <p>kli=  [] []
[2025-04-30T12:54:55.955810+02:00] user_registration.DEBUG: PHPMailer [level 1]: CLIENT -> SERVER: cke auf diesen Link, um deine E-Mail zu best=C3=A4tigen:</p>=0A            =  [] []
[2025-04-30T12:54:55.955895+02:00] user_registration.DEBUG: PHPMailer [level 1]: CLIENT -> SERVER: <p><a href=3D"https://iksy.kev-network.de/verify.php?token=3D31400500be32c3=  [] []
[2025-04-30T12:54:55.955965+02:00] user_registration.DEBUG: PHPMailer [level 1]: CLIENT -> SERVER: f42190c936f34723e44c23aa00ce0ba783eba8a6d0441e11e93d76413da553080a4a1fe522e=  [] []
[2025-04-30T12:54:55.956032+02:00] user_registration.DEBUG: PHPMailer [level 1]: CLIENT -> SERVER: 9b0f2b27a32a0ed804d44548b04560a27a64f1feb02de767d9b51b921a5c6e990808fbef00b=  [] []
[2025-04-30T12:54:55.956103+02:00] user_registration.DEBUG: PHPMailer [level 1]: CLIENT -> SERVER: 4ca6ae3f8848242154fa8d355e8243ee429e">E-Mail-Adresse jetzt best=C3=A4tigen<=  [] []
[2025-04-30T12:54:55.956173+02:00] user_registration.DEBUG: PHPMailer [level 1]: CLIENT -> SERVER: /a></p>=0A            <p>Viele Gr=C3=BC=C3=9Fe,<br>StudyHub-Team</p>=0A    =  [] []
[2025-04-30T12:54:55.956240+02:00] user_registration.DEBUG: PHPMailer [level 1]: CLIENT -> SERVER:       [] []
[2025-04-30T12:54:55.956309+02:00] user_registration.DEBUG: PHPMailer [level 1]: CLIENT -> SERVER:   [] []
[2025-04-30T12:54:55.956376+02:00] user_registration.DEBUG: PHPMailer [level 1]: CLIENT -> SERVER: --b1=_mlrCh4qK33xChhNIxhogvVh8cVlHt2jdrQQSnxmrYE--  [] []
[2025-04-30T12:54:55.956443+02:00] user_registration.DEBUG: PHPMailer [level 1]: CLIENT -> SERVER:   [] []
[2025-04-30T12:54:55.956524+02:00] user_registration.DEBUG: PHPMailer [level 1]: CLIENT -> SERVER: .  [] []
[2025-04-30T12:54:56.380391+02:00] user_registration.DEBUG: PHPMailer [level 2]: SERVER -> CLIENT: 250 2.0.0 OK  1746010496 ffacd0b85a97d-3a073e5d264sm17071565f8f.95 - gsmtp  [] []
[2025-04-30T12:54:56.381103+02:00] user_registration.DEBUG: PHPMailer [level 1]: CLIENT -> SERVER: QUIT  [] []
[2025-04-30T12:54:56.397362+02:00] user_registration.DEBUG: PHPMailer [level 2]: SERVER -> CLIENT: 221 2.0.0 closing connection ffacd0b85a97d-3a073e5d264sm17071565f8f.95 - gsmtp  [] []
[2025-05-06T16:29:59.484347+02:00] user_registration.DEBUG: register.php gestartet [] []
[2025-05-06T16:29:59.503359+02:00] user_registration.ERROR: Uncaught Exception in register.php {"message":"recaptcha_verify(): Argument #3 ($secret) must be of type string, bool given, called in /var/www/clients/client0/web15/web/public/register.php on line 69","trace":"#0 /var/www/clients/client0/web15/web/public/register.php(69): recaptcha_verify()\n#1 {main}"} []
[2025-05-06T16:32:06.456120+02:00] user_registration.DEBUG: register.php gestartet [] []
[2025-05-06T16:32:06.475190+02:00] user_registration.ERROR: Uncaught Exception in register.php {"message":"recaptcha_verify(): Argument #3 ($secret) must be of type string, null given, called in /var/www/clients/client0/web15/web/public/register.php on line 69","trace":"#0 /var/www/clients/client0/web15/web/public/register.php(69): recaptcha_verify()\n#1 {main}"} []
[2025-05-06T16:35:01.454400+02:00] user_registration.DEBUG: register.php gestartet [] []
[2025-05-06T16:35:01.487615+02:00] user_registration.ERROR: Uncaught Exception in register.php {"message":"recaptcha_verify(): Argument #3 ($secret) must be of type string, bool given, called in /var/www/clients/client0/web15/web/public/register.php on line 70","trace":"#0 /var/www/clients/client0/web15/web/public/register.php(70): recaptcha_verify()\n#1 {main}"} []
[2025-05-06T16:36:44.363548+02:00] user_registration.DEBUG: register.php gestartet [] []
[2025-05-06T16:36:44.538692+02:00] user_registration.ERROR: Uncaught Exception in register.php {"message":"SQLSTATE[22P02]: Invalid text representation: 7 FEHLER:  ungültige Eingabesyntax für Typ boolean: »«\nCONTEXT:  unbenanntes Portal Parameter $2 = ''","trace":"#0 /var/www/clients/client0/web15/web/includes/recaptcha.inc.php(42): PDOStatement->execute()\n#1 /var/www/clients/client0/web15/web/includes/recaptcha.inc.php(81): recaptcha_log()\n#2 /var/www/clients/client0/web15/web/public/register.php(70): recaptcha_verify()\n#3 {main}"} []
[2025-05-06T16:38:28.303522+02:00] user_registration.DEBUG: register.php gestartet [] []
[2025-05-06T16:46:07.973833+02:00] user_registration.DEBUG: register.php gestartet [] []
[2025-05-06T16:51:47.964269+02:00] user_registration.DEBUG: register.php gestartet [] []
[2025-05-06T16:54:39.830007+02:00] user_registration.DEBUG: register.php gestartet [] []
[2025-05-06T16:54:40.146394+02:00] user_registration.DEBUG: PHPMailer [level 2]: SERVER -> CLIENT: 220 smtp.gmail.com ESMTP 5b1f17b1804b1-441b8a31576sm172417375e9.37 - gsmtp  [] []
[2025-05-06T16:54:40.146594+02:00] user_registration.DEBUG: PHPMailer [level 1]: CLIENT -> SERVER: EHLO iksy.kev-network.de  [] []
[2025-05-06T16:54:40.165123+02:00] user_registration.DEBUG: PHPMailer [level 2]: SERVER -> CLIENT: 250-smtp.gmail.com at your service, [2003:f1:1f28:4b00:8eec:4bff:fe6e:5ebf] 250-SIZE 35882577 250-8BITMIME 250-STARTTLS 250-ENHANCEDSTATUSCODES 250-PIPELINING 250-CHUNKING 250 SMTPUTF8  [] []
[2025-05-06T16:54:40.165335+02:00] user_registration.DEBUG: PHPMailer [level 1]: CLIENT -> SERVER: STARTTLS  [] []
[2025-05-06T16:54:40.181647+02:00] user_registration.DEBUG: PHPMailer [level 2]: SERVER -> CLIENT: 220 2.0.0 Ready to start TLS  [] []
[2025-05-06T16:54:40.252103+02:00] user_registration.DEBUG: PHPMailer [level 1]: CLIENT -> SERVER: EHLO iksy.kev-network.de  [] []
[2025-05-06T16:54:40.288737+02:00] user_registration.DEBUG: PHPMailer [level 2]: SERVER -> CLIENT: 250-smtp.gmail.com at your service, [2003:f1:1f28:4b00:8eec:4bff:fe6e:5ebf] 250-SIZE 35882577 250-8BITMIME 250-AUTH LOGIN PLAIN XOAUTH2 PLAIN-CLIENTTOKEN OAUTHBEARER XOAUTH 250-ENHANCEDSTATUSCODES 250-PIPELINING 250-CHUNKING 250 SMTPUTF8  [] []
[2025-05-06T16:54:40.288845+02:00] user_registration.DEBUG: PHPMailer [level 1]: CLIENT -> SERVER: AUTH LOGIN  [] []
[2025-05-06T16:54:40.305169+02:00] user_registration.DEBUG: PHPMailer [level 2]: SERVER -> CLIENT: 334 VXNlcm5hbWU6  [] []
[2025-05-06T16:54:40.305303+02:00] user_registration.DEBUG: PHPMailer [level 1]: CLIENT -> SERVER: [credentials hidden] [] []
[2025-05-06T16:54:40.321577+02:00] user_registration.DEBUG: PHPMailer [level 2]: SERVER -> CLIENT: 334 UGFzc3dvcmQ6  [] []
[2025-05-06T16:54:40.321724+02:00] user_registration.DEBUG: PHPMailer [level 1]: CLIENT -> SERVER: [credentials hidden] [] []
[2025-05-06T16:54:40.412382+02:00] user_registration.DEBUG: PHPMailer [level 2]: SERVER -> CLIENT: 235 2.7.0 Accepted  [] []
[2025-05-06T16:54:40.412569+02:00] user_registration.DEBUG: PHPMailer [level 1]: CLIENT -> SERVER: MAIL FROM:<studyhub.iksy@gmail.com>  [] []
[2025-05-06T16:54:40.429218+02:00] user_registration.DEBUG: PHPMailer [level 2]: SERVER -> CLIENT: 250 2.1.0 OK 5b1f17b1804b1-441b8a31576sm172417375e9.37 - gsmtp  [] []
[2025-05-06T16:54:40.429377+02:00] user_registration.DEBUG: PHPMailer [level 1]: CLIENT -> SERVER: RCPT TO:<kevin.krummsdorf1995@outlook.de>  [] []
[2025-05-06T16:54:40.445941+02:00] user_registration.DEBUG: PHPMailer [level 2]: SERVER -> CLIENT: 250 2.1.5 OK 5b1f17b1804b1-441b8a31576sm172417375e9.37 - gsmtp  [] []
[2025-05-06T16:54:40.446099+02:00] user_registration.DEBUG: PHPMailer [level 1]: CLIENT -> SERVER: DATA  [] []
[2025-05-06T16:54:40.567208+02:00] user_registration.DEBUG: PHPMailer [level 2]: SERVER -> CLIENT: 354 Go ahead 5b1f17b1804b1-441b8a31576sm172417375e9.37 - gsmtp  [] []
[2025-05-06T16:54:40.567367+02:00] user_registration.DEBUG: PHPMailer [level 1]: CLIENT -> SERVER: Date: Tue, 6 May 2025 16:54:40 +0200  [] []
[2025-05-06T16:54:40.567529+02:00] user_registration.DEBUG: PHPMailer [level 1]: CLIENT -> SERVER: To: itkev1 <kevin.krummsdorf1995@outlook.de>  [] []
[2025-05-06T16:54:40.567633+02:00] user_registration.DEBUG: PHPMailer [level 1]: CLIENT -> SERVER: From: StudyHub <studyhub.iksy@gmail.com>  [] []
[2025-05-06T16:54:40.567714+02:00] user_registration.DEBUG: PHPMailer [level 1]: CLIENT -> SERVER: Subject: =?UTF-8?Q?Bitte_best=C3=A4tige_deine_E-Mail-Adresse?=  [] []
[2025-05-06T16:54:40.567788+02:00] user_registration.DEBUG: PHPMailer [level 1]: CLIENT -> SERVER: Message-ID: <7AwjUMU0QLWzUQrWgR2TI8B8iutxHnX3cKwPOFseA@iksy.kev-network.de>  [] []
[2025-05-06T16:54:40.567864+02:00] user_registration.DEBUG: PHPMailer [level 1]: CLIENT -> SERVER: X-Mailer: PHPMailer 6.10.0 (https://github.com/PHPMailer/PHPMailer)  [] []
[2025-05-06T16:54:40.567937+02:00] user_registration.DEBUG: PHPMailer [level 1]: CLIENT -> SERVER: MIME-Version: 1.0  [] []
[2025-05-06T16:54:40.568009+02:00] user_registration.DEBUG: PHPMailer [level 1]: CLIENT -> SERVER: Content-Type: multipart/alternative;  [] []
[2025-05-06T16:54:40.568077+02:00] user_registration.DEBUG: PHPMailer [level 1]: CLIENT -> SERVER:  boundary="b1=_7AwjUMU0QLWzUQrWgR2TI8B8iutxHnX3cKwPOFseA"  [] []
[2025-05-06T16:54:40.568145+02:00] user_registration.DEBUG: PHPMailer [level 1]: CLIENT -> SERVER:   [] []
[2025-05-06T16:54:40.568217+02:00] user_registration.DEBUG: PHPMailer [level 1]: CLIENT -> SERVER: --b1=_7AwjUMU0QLWzUQrWgR2TI8B8iutxHnX3cKwPOFseA  [] []
[2025-05-06T16:54:40.568290+02:00] user_registration.DEBUG: PHPMailer [level 1]: CLIENT -> SERVER: Content-Type: text/plain; charset=UTF-8  [] []
[2025-05-06T16:54:40.568358+02:00] user_registration.DEBUG: PHPMailer [level 1]: CLIENT -> SERVER: Content-Transfer-Encoding: quoted-printable  [] []
[2025-05-06T16:54:40.568426+02:00] user_registration.DEBUG: PHPMailer [level 1]: CLIENT -> SERVER:   [] []
[2025-05-06T16:54:40.568493+02:00] user_registration.DEBUG: PHPMailer [level 1]: CLIENT -> SERVER: Hallo itkev1,=0ABest=C3=A4tige deine E-Mail mit:=0Ahttps://iksy.kev-network=  [] []
[2025-05-06T16:54:40.568562+02:00] user_registration.DEBUG: PHPMailer [level 1]: CLIENT -> SERVER: ..de/verify.php?token=3D31400500f596c75ebc58249a4661dec129252b1d701fbb72a5af=  [] []
[2025-05-06T16:54:40.568635+02:00] user_registration.DEBUG: PHPMailer [level 1]: CLIENT -> SERVER: 3ceb9c71f16239e0a71f32d9564e108289cee07bfa71970d25dcf76231fa61fe9e352e0c49c=  [] []
[2025-05-06T16:54:40.568703+02:00] user_registration.DEBUG: PHPMailer [level 1]: CLIENT -> SERVER: e7a06d2d30baf3ae4499456abc7d958c2e554b008fef9dc4df8ec0687f44c77d784a238a9=  [] []
[2025-05-06T16:54:40.568771+02:00] user_registration.DEBUG: PHPMailer [level 1]: CLIENT -> SERVER: =0A=0AStudyHub-Team  [] []
[2025-05-06T16:54:40.568839+02:00] user_registration.DEBUG: PHPMailer [level 1]: CLIENT -> SERVER: --b1=_7AwjUMU0QLWzUQrWgR2TI8B8iutxHnX3cKwPOFseA  [] []
[2025-05-06T16:54:40.568909+02:00] user_registration.DEBUG: PHPMailer [level 1]: CLIENT -> SERVER: Content-Type: text/html; charset=UTF-8  [] []
[2025-05-06T16:54:40.569004+02:00] user_registration.DEBUG: PHPMailer [level 1]: CLIENT -> SERVER: Content-Transfer-Encoding: quoted-printable  [] []
[2025-05-06T16:54:40.569105+02:00] user_registration.DEBUG: PHPMailer [level 1]: CLIENT -> SERVER:   [] []
[2025-05-06T16:54:40.569182+02:00] user_registration.DEBUG: PHPMailer [level 1]: CLIENT -> SERVER: =0A        <p>Hallo <strong>itkev1</strong>,</p>=0A        <p>klicke auf di=  [] []
[2025-05-06T16:54:40.569285+02:00] user_registration.DEBUG: PHPMailer [level 1]: CLIENT -> SERVER: esen Link, um deine E-Mail zu best=C3=A4tigen:</p>=0A        <p><a href=3D"=  [] []
[2025-05-06T16:54:40.569353+02:00] user_registration.DEBUG: PHPMailer [level 1]: CLIENT -> SERVER: https://iksy.kev-network.de/verify.php?token=3D31400500f596c75ebc58249a4661=  [] []
[2025-05-06T16:54:40.569421+02:00] user_registration.DEBUG: PHPMailer [level 1]: CLIENT -> SERVER: dec129252b1d701fbb72a5af3ceb9c71f16239e0a71f32d9564e108289cee07bfa71970d25d=  [] []
[2025-05-06T16:54:40.569488+02:00] user_registration.DEBUG: PHPMailer [level 1]: CLIENT -> SERVER: cf76231fa61fe9e352e0c49ce7a06d2d30baf3ae4499456abc7d958c2e554b008fef9dc4df8=  [] []
[2025-05-06T16:54:40.569555+02:00] user_registration.DEBUG: PHPMailer [level 1]: CLIENT -> SERVER: ec0687f44c77d784a238a9">E-Mail-Adresse jetzt best=C3=A4tigen</a></p>=0A    =  [] []
[2025-05-06T16:54:40.569619+02:00] user_registration.DEBUG: PHPMailer [level 1]: CLIENT -> SERVER:     <p>Viele Gr=C3=BC=C3=9Fe,<br>StudyHub-Team</p>=0A      [] []
[2025-05-06T16:54:40.569686+02:00] user_registration.DEBUG: PHPMailer [level 1]: CLIENT -> SERVER:   [] []
[2025-05-06T16:54:40.569754+02:00] user_registration.DEBUG: PHPMailer [level 1]: CLIENT -> SERVER: --b1=_7AwjUMU0QLWzUQrWgR2TI8B8iutxHnX3cKwPOFseA--  [] []
[2025-05-06T16:54:40.569820+02:00] user_registration.DEBUG: PHPMailer [level 1]: CLIENT -> SERVER:   [] []
[2025-05-06T16:54:40.569902+02:00] user_registration.DEBUG: PHPMailer [level 1]: CLIENT -> SERVER: .  [] []
[2025-05-06T16:54:41.004756+02:00] user_registration.DEBUG: PHPMailer [level 2]: SERVER -> CLIENT: 250 2.0.0 OK  1746543280 5b1f17b1804b1-441b8a31576sm172417375e9.37 - gsmtp  [] []
[2025-05-06T16:54:41.005425+02:00] user_registration.DEBUG: PHPMailer [level 1]: CLIENT -> SERVER: QUIT  [] []
[2025-05-06T16:54:41.021839+02:00] user_registration.DEBUG: PHPMailer [level 2]: SERVER -> CLIENT: 221 2.0.0 closing connection 5b1f17b1804b1-441b8a31576sm172417375e9.37 - gsmtp  [] []
[2025-05-06T16:59:50.574501+02:00] user_registration.DEBUG: register.php gestartet [] []
[2025-05-06T16:59:50.864741+02:00] user_registration.DEBUG: PHPMailer [level 2]: SERVER -> CLIENT: 220 smtp.gmail.com ESMTP ffacd0b85a97d-3a099b16f9dsm14205736f8f.93 - gsmtp  [] []
[2025-05-06T16:59:50.864903+02:00] user_registration.DEBUG: PHPMailer [level 1]: CLIENT -> SERVER: EHLO iksy.kev-network.de  [] []
[2025-05-06T16:59:50.882229+02:00] user_registration.DEBUG: PHPMailer [level 2]: SERVER -> CLIENT: 250-smtp.gmail.com at your service, [2003:f1:1f28:4b00:8eec:4bff:fe6e:5ebf] 250-SIZE 35882577 250-8BITMIME 250-STARTTLS 250-ENHANCEDSTATUSCODES 250-PIPELINING 250-CHUNKING 250 SMTPUTF8  [] []
[2025-05-06T16:59:50.882425+02:00] user_registration.DEBUG: PHPMailer [level 1]: CLIENT -> SERVER: STARTTLS  [] []
[2025-05-06T16:59:50.896959+02:00] user_registration.DEBUG: PHPMailer [level 2]: SERVER -> CLIENT: 220 2.0.0 Ready to start TLS  [] []
[2025-05-06T16:59:50.964496+02:00] user_registration.DEBUG: PHPMailer [level 1]: CLIENT -> SERVER: EHLO iksy.kev-network.de  [] []
[2025-05-06T16:59:50.997696+02:00] user_registration.DEBUG: PHPMailer [level 2]: SERVER -> CLIENT: 250-smtp.gmail.com at your service, [2003:f1:1f28:4b00:8eec:4bff:fe6e:5ebf] 250-SIZE 35882577 250-8BITMIME 250-AUTH LOGIN PLAIN XOAUTH2 PLAIN-CLIENTTOKEN OAUTHBEARER XOAUTH 250-ENHANCEDSTATUSCODES 250-PIPELINING 250-CHUNKING 250 SMTPUTF8  [] []
[2025-05-06T16:59:50.997794+02:00] user_registration.DEBUG: PHPMailer [level 1]: CLIENT -> SERVER: AUTH LOGIN  [] []
[2025-05-06T16:59:51.012121+02:00] user_registration.DEBUG: PHPMailer [level 2]: SERVER -> CLIENT: 334 VXNlcm5hbWU6  [] []
[2025-05-06T16:59:51.012253+02:00] user_registration.DEBUG: PHPMailer [level 1]: CLIENT -> SERVER: [credentials hidden] [] []
[2025-05-06T16:59:51.026652+02:00] user_registration.DEBUG: PHPMailer [level 2]: SERVER -> CLIENT: 334 UGFzc3dvcmQ6  [] []
[2025-05-06T16:59:51.026780+02:00] user_registration.DEBUG: PHPMailer [level 1]: CLIENT -> SERVER: [credentials hidden] [] []
[2025-05-06T16:59:51.099135+02:00] user_registration.DEBUG: PHPMailer [level 2]: SERVER -> CLIENT: 235 2.7.0 Accepted  [] []
[2025-05-06T16:59:51.099309+02:00] user_registration.DEBUG: PHPMailer [level 1]: CLIENT -> SERVER: MAIL FROM:<studyhub.iksy@gmail.com>  [] []
[2025-05-06T16:59:51.113584+02:00] user_registration.DEBUG: PHPMailer [level 2]: SERVER -> CLIENT: 250 2.1.0 OK ffacd0b85a97d-3a099b16f9dsm14205736f8f.93 - gsmtp  [] []
[2025-05-06T16:59:51.113733+02:00] user_registration.DEBUG: PHPMailer [level 1]: CLIENT -> SERVER: RCPT TO:<admin254@admin.de>  [] []
[2025-05-06T16:59:51.128104+02:00] user_registration.DEBUG: PHPMailer [level 2]: SERVER -> CLIENT: 250 2.1.5 OK ffacd0b85a97d-3a099b16f9dsm14205736f8f.93 - gsmtp  [] []
[2025-05-06T16:59:51.128211+02:00] user_registration.DEBUG: PHPMailer [level 1]: CLIENT -> SERVER: DATA  [] []
[2025-05-06T16:59:51.169305+02:00] user_registration.DEBUG: PHPMailer [level 2]: SERVER -> CLIENT: 354 Go ahead ffacd0b85a97d-3a099b16f9dsm14205736f8f.93 - gsmtp  [] []
[2025-05-06T16:59:51.169453+02:00] user_registration.DEBUG: PHPMailer [level 1]: CLIENT -> SERVER: Date: Tue, 6 May 2025 16:59:50 +0200  [] []
[2025-05-06T16:59:51.169600+02:00] user_registration.DEBUG: PHPMailer [level 1]: CLIENT -> SERVER: To: admin254 <admin254@admin.de>  [] []
[2025-05-06T16:59:51.169696+02:00] user_registration.DEBUG: PHPMailer [level 1]: CLIENT -> SERVER: From: StudyHub <studyhub.iksy@gmail.com>  [] []
[2025-05-06T16:59:51.169771+02:00] user_registration.DEBUG: PHPMailer [level 1]: CLIENT -> SERVER: Subject: =?UTF-8?Q?Bitte_best=C3=A4tige_deine_E-Mail-Adresse?=  [] []
[2025-05-06T16:59:51.169837+02:00] user_registration.DEBUG: PHPMailer [level 1]: CLIENT -> SERVER: Message-ID: <yWVU2CaZcf6aSBK7gwDf30611bPmOMG6gF11lzURKNc@iksy.kev-network.de>  [] []
[2025-05-06T16:59:51.169906+02:00] user_registration.DEBUG: PHPMailer [level 1]: CLIENT -> SERVER: X-Mailer: PHPMailer 6.10.0 (https://github.com/PHPMailer/PHPMailer)  [] []
[2025-05-06T16:59:51.169971+02:00] user_registration.DEBUG: PHPMailer [level 1]: CLIENT -> SERVER: MIME-Version: 1.0  [] []
[2025-05-06T16:59:51.170039+02:00] user_registration.DEBUG: PHPMailer [level 1]: CLIENT -> SERVER: Content-Type: multipart/alternative;  [] []
[2025-05-06T16:59:51.170106+02:00] user_registration.DEBUG: PHPMailer [level 1]: CLIENT -> SERVER:  boundary="b1=_yWVU2CaZcf6aSBK7gwDf30611bPmOMG6gF11lzURKNc"  [] []
[2025-05-06T16:59:51.170171+02:00] user_registration.DEBUG: PHPMailer [level 1]: CLIENT -> SERVER:   [] []
[2025-05-06T16:59:51.170236+02:00] user_registration.DEBUG: PHPMailer [level 1]: CLIENT -> SERVER: --b1=_yWVU2CaZcf6aSBK7gwDf30611bPmOMG6gF11lzURKNc  [] []
[2025-05-06T16:59:51.170299+02:00] user_registration.DEBUG: PHPMailer [level 1]: CLIENT -> SERVER: Content-Type: text/plain; charset=UTF-8  [] []
[2025-05-06T16:59:51.170361+02:00] user_registration.DEBUG: PHPMailer [level 1]: CLIENT -> SERVER: Content-Transfer-Encoding: quoted-printable  [] []
[2025-05-06T16:59:51.170423+02:00] user_registration.DEBUG: PHPMailer [level 1]: CLIENT -> SERVER:   [] []
[2025-05-06T16:59:51.170484+02:00] user_registration.DEBUG: PHPMailer [level 1]: CLIENT -> SERVER: Hallo admin254,=0ABest=C3=A4tige deine E-Mail mit:=0Ahttps://iksy.kev-netwo=  [] []
[2025-05-06T16:59:51.170546+02:00] user_registration.DEBUG: PHPMailer [level 1]: CLIENT -> SERVER: rk.de/verify.php?token=3D31400500feacf08c65dc6916577836d4664a67cb15a7aa1775=  [] []
[2025-05-06T16:59:51.170605+02:00] user_registration.DEBUG: PHPMailer [level 1]: CLIENT -> SERVER: be0cbd3a71d0fa0e282ecb79b39a703fe7fc733f1609ab58caa3214cc6819eb5fa80be65afd=  [] []
[2025-05-06T16:59:51.170666+02:00] user_registration.DEBUG: PHPMailer [level 1]: CLIENT -> SERVER: 3d6c70c5e3abffa29133cff63ec96b92096ae6c95cf9ef9df1f4b99cee7ae81032ba8d4a19a=  [] []
[2025-05-06T16:59:51.170754+02:00] user_registration.DEBUG: PHPMailer [level 1]: CLIENT -> SERVER: =0A=0AStudyHub-Team  [] []
[2025-05-06T16:59:51.170818+02:00] user_registration.DEBUG: PHPMailer [level 1]: CLIENT -> SERVER: --b1=_yWVU2CaZcf6aSBK7gwDf30611bPmOMG6gF11lzURKNc  [] []
[2025-05-06T16:59:51.170878+02:00] user_registration.DEBUG: PHPMailer [level 1]: CLIENT -> SERVER: Content-Type: text/html; charset=UTF-8  [] []
[2025-05-06T16:59:51.170938+02:00] user_registration.DEBUG: PHPMailer [level 1]: CLIENT -> SERVER: Content-Transfer-Encoding: quoted-printable  [] []
[2025-05-06T16:59:51.171034+02:00] user_registration.DEBUG: PHPMailer [level 1]: CLIENT -> SERVER:   [] []
[2025-05-06T16:59:51.171104+02:00] user_registration.DEBUG: PHPMailer [level 1]: CLIENT -> SERVER: =0A        <p>Hallo <strong>admin254</strong>,</p>=0A        <p>klicke auf =  [] []
[2025-05-06T16:59:51.171169+02:00] user_registration.DEBUG: PHPMailer [level 1]: CLIENT -> SERVER: diesen Link, um deine E-Mail zu best=C3=A4tigen:</p>=0A        <p><a href=  [] []
[2025-05-06T16:59:51.171232+02:00] user_registration.DEBUG: PHPMailer [level 1]: CLIENT -> SERVER: =3D"https://iksy.kev-network.de/verify.php?token=3D31400500feacf08c65dc6916=  [] []
[2025-05-06T16:59:51.171294+02:00] user_registration.DEBUG: PHPMailer [level 1]: CLIENT -> SERVER: 577836d4664a67cb15a7aa1775be0cbd3a71d0fa0e282ecb79b39a703fe7fc733f1609ab58c=  [] []
[2025-05-06T16:59:51.171359+02:00] user_registration.DEBUG: PHPMailer [level 1]: CLIENT -> SERVER: aa3214cc6819eb5fa80be65afd3d6c70c5e3abffa29133cff63ec96b92096ae6c95cf9ef9df=  [] []
[2025-05-06T16:59:51.171422+02:00] user_registration.DEBUG: PHPMailer [level 1]: CLIENT -> SERVER: 1f4b99cee7ae81032ba8d4a19a">E-Mail-Adresse jetzt best=C3=A4tigen</a></p>=0A=  [] []
[2025-05-06T16:59:51.171485+02:00] user_registration.DEBUG: PHPMailer [level 1]: CLIENT -> SERVER:         <p>Viele Gr=C3=BC=C3=9Fe,<br>StudyHub-Team</p>=0A      [] []
[2025-05-06T16:59:51.171548+02:00] user_registration.DEBUG: PHPMailer [level 1]: CLIENT -> SERVER:   [] []
[2025-05-06T16:59:51.171610+02:00] user_registration.DEBUG: PHPMailer [level 1]: CLIENT -> SERVER: --b1=_yWVU2CaZcf6aSBK7gwDf30611bPmOMG6gF11lzURKNc--  [] []
[2025-05-06T16:59:51.171673+02:00] user_registration.DEBUG: PHPMailer [level 1]: CLIENT -> SERVER:   [] []
[2025-05-06T16:59:51.171748+02:00] user_registration.DEBUG: PHPMailer [level 1]: CLIENT -> SERVER: .  [] []
[2025-05-06T16:59:51.599517+02:00] user_registration.DEBUG: PHPMailer [level 2]: SERVER -> CLIENT: 250 2.0.0 OK  1746543591 ffacd0b85a97d-3a099b16f9dsm14205736f8f.93 - gsmtp  [] []
[2025-05-06T16:59:51.600065+02:00] user_registration.DEBUG: PHPMailer [level 1]: CLIENT -> SERVER: QUIT  [] []
[2025-05-06T16:59:51.614398+02:00] user_registration.DEBUG: PHPMailer [level 2]: SERVER -> CLIENT: 221 2.0.0 closing connection ffacd0b85a97d-3a099b16f9dsm14205736f8f.93 - gsmtp  [] []
[2025-05-06T17:00:59.349369+02:00] user_registration.DEBUG: register.php gestartet [] []
[2025-05-06T17:00:59.608227+02:00] user_registration.DEBUG: PHPMailer [level 2]: SERVER -> CLIENT: 220 smtp.gmail.com ESMTP ffacd0b85a97d-3a099ae0ca4sm14168460f8f.14 - gsmtp  [] []
[2025-05-06T17:00:59.608310+02:00] user_registration.DEBUG: PHPMailer [level 1]: CLIENT -> SERVER: EHLO iksy.kev-network.de  [] []
[2025-05-06T17:00:59.789780+02:00] user_registration.DEBUG: PHPMailer [level 2]: SERVER -> CLIENT: 250-smtp.gmail.com at your service, [2003:f1:1f28:4b00:8eec:4bff:fe6e:5ebf] 250-SIZE 35882577 250-8BITMIME 250-STARTTLS 250-ENHANCEDSTATUSCODES 250-PIPELINING 250-CHUNKING 250 SMTPUTF8  [] []
[2025-05-06T17:00:59.789999+02:00] user_registration.DEBUG: PHPMailer [level 1]: CLIENT -> SERVER: STARTTLS  [] []
[2025-05-06T17:00:59.804630+02:00] user_registration.DEBUG: PHPMailer [level 2]: SERVER -> CLIENT: 220 2.0.0 Ready to start TLS  [] []
[2025-05-06T17:00:59.874391+02:00] user_registration.DEBUG: PHPMailer [level 1]: CLIENT -> SERVER: EHLO iksy.kev-network.de  [] []
[2025-05-06T17:00:59.907994+02:00] user_registration.DEBUG: PHPMailer [level 2]: SERVER -> CLIENT: 250-smtp.gmail.com at your service, [2003:f1:1f28:4b00:8eec:4bff:fe6e:5ebf] 250-SIZE 35882577 250-8BITMIME 250-AUTH LOGIN PLAIN XOAUTH2 PLAIN-CLIENTTOKEN OAUTHBEARER XOAUTH 250-ENHANCEDSTATUSCODES 250-PIPELINING 250-CHUNKING 250 SMTPUTF8  [] []
[2025-05-06T17:00:59.908101+02:00] user_registration.DEBUG: PHPMailer [level 1]: CLIENT -> SERVER: AUTH LOGIN  [] []
[2025-05-06T17:00:59.922723+02:00] user_registration.DEBUG: PHPMailer [level 2]: SERVER -> CLIENT: 334 VXNlcm5hbWU6  [] []
[2025-05-06T17:00:59.922860+02:00] user_registration.DEBUG: PHPMailer [level 1]: CLIENT -> SERVER: [credentials hidden] [] []
[2025-05-06T17:00:59.937302+02:00] user_registration.DEBUG: PHPMailer [level 2]: SERVER -> CLIENT: 334 UGFzc3dvcmQ6  [] []
[2025-05-06T17:00:59.937441+02:00] user_registration.DEBUG: PHPMailer [level 1]: CLIENT -> SERVER: [credentials hidden] [] []
[2025-05-06T17:01:00.017809+02:00] user_registration.DEBUG: PHPMailer [level 2]: SERVER -> CLIENT: 235 2.7.0 Accepted  [] []
[2025-05-06T17:01:00.017883+02:00] user_registration.DEBUG: PHPMailer [level 1]: CLIENT -> SERVER: MAIL FROM:<studyhub.iksy@gmail.com>  [] []
[2025-05-06T17:01:00.032291+02:00] user_registration.DEBUG: PHPMailer [level 2]: SERVER -> CLIENT: 250 2.1.0 OK ffacd0b85a97d-3a099ae0ca4sm14168460f8f.14 - gsmtp  [] []
[2025-05-06T17:01:00.032380+02:00] user_registration.DEBUG: PHPMailer [level 1]: CLIENT -> SERVER: RCPT TO:<admin1254@admin.de>  [] []
[2025-05-06T17:01:00.046836+02:00] user_registration.DEBUG: PHPMailer [level 2]: SERVER -> CLIENT: 250 2.1.5 OK ffacd0b85a97d-3a099ae0ca4sm14168460f8f.14 - gsmtp  [] []
[2025-05-06T17:01:00.046915+02:00] user_registration.DEBUG: PHPMailer [level 1]: CLIENT -> SERVER: DATA  [] []
[2025-05-06T17:01:00.079044+02:00] user_registration.DEBUG: PHPMailer [level 2]: SERVER -> CLIENT: 354 Go ahead ffacd0b85a97d-3a099ae0ca4sm14168460f8f.14 - gsmtp  [] []
[2025-05-06T17:01:00.079184+02:00] user_registration.DEBUG: PHPMailer [level 1]: CLIENT -> SERVER: Date: Tue, 6 May 2025 17:00:59 +0200  [] []
[2025-05-06T17:01:00.079319+02:00] user_registration.DEBUG: PHPMailer [level 1]: CLIENT -> SERVER: To: admin1254 <admin1254@admin.de>  [] []
[2025-05-06T17:01:00.079408+02:00] user_registration.DEBUG: PHPMailer [level 1]: CLIENT -> SERVER: From: StudyHub <studyhub.iksy@gmail.com>  [] []
[2025-05-06T17:01:00.079476+02:00] user_registration.DEBUG: PHPMailer [level 1]: CLIENT -> SERVER: Subject: =?UTF-8?Q?Bitte_best=C3=A4tige_deine_E-Mail-Adresse?=  [] []
[2025-05-06T17:01:00.079553+02:00] user_registration.DEBUG: PHPMailer [level 1]: CLIENT -> SERVER: Message-ID: <MA4W8PHuLQ4Ld6kDcUGyENmzcskZfT7bEto7UgK4QiQ@iksy.kev-network.de>  [] []
[2025-05-06T17:01:00.079627+02:00] user_registration.DEBUG: PHPMailer [level 1]: CLIENT -> SERVER: X-Mailer: PHPMailer 6.10.0 (https://github.com/PHPMailer/PHPMailer)  [] []
[2025-05-06T17:01:00.079694+02:00] user_registration.DEBUG: PHPMailer [level 1]: CLIENT -> SERVER: MIME-Version: 1.0  [] []
[2025-05-06T17:01:00.079762+02:00] user_registration.DEBUG: PHPMailer [level 1]: CLIENT -> SERVER: Content-Type: multipart/alternative;  [] []
[2025-05-06T17:01:00.079825+02:00] user_registration.DEBUG: PHPMailer [level 1]: CLIENT -> SERVER:  boundary="b1=_MA4W8PHuLQ4Ld6kDcUGyENmzcskZfT7bEto7UgK4QiQ"  [] []
[2025-05-06T17:01:00.079891+02:00] user_registration.DEBUG: PHPMailer [level 1]: CLIENT -> SERVER:   [] []
[2025-05-06T17:01:00.079957+02:00] user_registration.DEBUG: PHPMailer [level 1]: CLIENT -> SERVER: --b1=_MA4W8PHuLQ4Ld6kDcUGyENmzcskZfT7bEto7UgK4QiQ  [] []
[2025-05-06T17:01:00.080020+02:00] user_registration.DEBUG: PHPMailer [level 1]: CLIENT -> SERVER: Content-Type: text/plain; charset=UTF-8  [] []
[2025-05-06T17:01:00.080082+02:00] user_registration.DEBUG: PHPMailer [level 1]: CLIENT -> SERVER: Content-Transfer-Encoding: quoted-printable  [] []
[2025-05-06T17:01:00.080143+02:00] user_registration.DEBUG: PHPMailer [level 1]: CLIENT -> SERVER:   [] []
[2025-05-06T17:01:00.080205+02:00] user_registration.DEBUG: PHPMailer [level 1]: CLIENT -> SERVER: Hallo admin1254,=0ABest=C3=A4tige deine E-Mail mit:=0Ahttps://iksy.kev-netw=  [] []
[2025-05-06T17:01:00.080293+02:00] user_registration.DEBUG: PHPMailer [level 1]: CLIENT -> SERVER: ork.de/verify.php?token=3D3140050074e5d7997981557f914d908d2d85a7028ebdb51f5=  [] []
[2025-05-06T17:01:00.080357+02:00] user_registration.DEBUG: PHPMailer [level 1]: CLIENT -> SERVER: ecdb10cfebeddb09d2ea75e7439affdf7e1fd1accb7d6204bdbeaafeeb1c48f0c51e1399335=  [] []
[2025-05-06T17:01:00.080420+02:00] user_registration.DEBUG: PHPMailer [level 1]: CLIENT -> SERVER: 67eede67530b8d45a6a3fd7476c3fc49ec195ad21f0e926e08f11926232b134ff5f0fc07326=  [] []
[2025-05-06T17:01:00.080481+02:00] user_registration.DEBUG: PHPMailer [level 1]: CLIENT -> SERVER: 9=0A=0AStudyHub-Team  [] []
[2025-05-06T17:01:00.080553+02:00] user_registration.DEBUG: PHPMailer [level 1]: CLIENT -> SERVER: --b1=_MA4W8PHuLQ4Ld6kDcUGyENmzcskZfT7bEto7UgK4QiQ  [] []
[2025-05-06T17:01:00.080610+02:00] user_registration.DEBUG: PHPMailer [level 1]: CLIENT -> SERVER: Content-Type: text/html; charset=UTF-8  [] []
[2025-05-06T17:01:00.080665+02:00] user_registration.DEBUG: PHPMailer [level 1]: CLIENT -> SERVER: Content-Transfer-Encoding: quoted-printable  [] []
[2025-05-06T17:01:00.080746+02:00] user_registration.DEBUG: PHPMailer [level 1]: CLIENT -> SERVER:   [] []
[2025-05-06T17:01:00.080818+02:00] user_registration.DEBUG: PHPMailer [level 1]: CLIENT -> SERVER: =0A        <p>Hallo <strong>admin1254</strong>,</p>=0A        <p>klicke auf=  [] []
[2025-05-06T17:01:00.080878+02:00] user_registration.DEBUG: PHPMailer [level 1]: CLIENT -> SERVER:  diesen Link, um deine E-Mail zu best=C3=A4tigen:</p>=0A        <p><a href=  [] []
[2025-05-06T17:01:00.080937+02:00] user_registration.DEBUG: PHPMailer [level 1]: CLIENT -> SERVER: =3D"https://iksy.kev-network.de/verify.php?token=3D3140050074e5d7997981557f=  [] []
[2025-05-06T17:01:00.080993+02:00] user_registration.DEBUG: PHPMailer [level 1]: CLIENT -> SERVER: 914d908d2d85a7028ebdb51f5ecdb10cfebeddb09d2ea75e7439affdf7e1fd1accb7d6204bd=  [] []
[2025-05-06T17:01:00.081049+02:00] user_registration.DEBUG: PHPMailer [level 1]: CLIENT -> SERVER: beaafeeb1c48f0c51e139933567eede67530b8d45a6a3fd7476c3fc49ec195ad21f0e926e08=  [] []
[2025-05-06T17:01:00.081106+02:00] user_registration.DEBUG: PHPMailer [level 1]: CLIENT -> SERVER: f11926232b134ff5f0fc073269">E-Mail-Adresse jetzt best=C3=A4tigen</a></p>=0A=  [] []
[2025-05-06T17:01:00.081164+02:00] user_registration.DEBUG: PHPMailer [level 1]: CLIENT -> SERVER:         <p>Viele Gr=C3=BC=C3=9Fe,<br>StudyHub-Team</p>=0A      [] []
[2025-05-06T17:01:00.081243+02:00] user_registration.DEBUG: PHPMailer [level 1]: CLIENT -> SERVER:   [] []
[2025-05-06T17:01:00.081305+02:00] user_registration.DEBUG: PHPMailer [level 1]: CLIENT -> SERVER: --b1=_MA4W8PHuLQ4Ld6kDcUGyENmzcskZfT7bEto7UgK4QiQ--  [] []
[2025-05-06T17:01:00.081361+02:00] user_registration.DEBUG: PHPMailer [level 1]: CLIENT -> SERVER:   [] []
[2025-05-06T17:01:00.081433+02:00] user_registration.DEBUG: PHPMailer [level 1]: CLIENT -> SERVER: .  [] []
[2025-05-06T17:01:00.815038+02:00] user_registration.DEBUG: PHPMailer [level 2]: SERVER -> CLIENT: 250 2.0.0 OK  1746543660 ffacd0b85a97d-3a099ae0ca4sm14168460f8f.14 - gsmtp  [] []
[2025-05-06T17:01:00.815657+02:00] user_registration.DEBUG: PHPMailer [level 1]: CLIENT -> SERVER: QUIT  [] []
[2025-05-06T17:01:00.830602+02:00] user_registration.DEBUG: PHPMailer [level 2]: SERVER -> CLIENT: 221 2.0.0 closing connection ffacd0b85a97d-3a099ae0ca4sm14168460f8f.14 - gsmtp  [] []
