[2025-05-09T16:14:45.703119+02:00] INFO: Registrierung gestartet 
[2025-05-09T16:14:48.080962+02:00] INFO: Registrierung erfolgreich {"username":"itkev1","email":"kevin.krummsdorf1995@outlook.de"}
[2025-05-09T16:18:02.922007+02:00] INFO: Registrierung gestartet 
[2025-05-09T16:18:03.477854+02:00] WARNING: Doppelte Benutzerprüfung fehlgeschlagen {"username":"itkev1","email":"kevin.krummsdorf1995@outlook.de"}
[2025-05-09T16:20:13.880201+02:00] INFO: Registrierung gestartet 
[2025-05-09T16:20:14.430097+02:00] WARNING: Doppelte Benutzerprüfung fehlgeschlagen {"username":"itkev1","email":"kevin.krummsdorf1995@outlook.de"}
[2025-05-09T16:20:55.884500+02:00] INFO: Registrierung gestartet 
[2025-05-09T16:20:57.756321+02:00] INFO: Registrierung erfolgreich {"username":"itkev1","email":"kevin.krummsdorf1995@outlook.de"}
[2025-05-09T16:22:55.977910+02:00] INFO: Registrierung gestartet 
[2025-05-09T16:22:58.683581+02:00] INFO: Registrierung erfolgreich {"username":"itkev1","email":"kevin.krummsdorf1995@outlook.de"}
[2025-05-09T16:25:50.019894+02:00] INFO: Registrierung gestartet 
[2025-05-09T16:25:52.619478+02:00] INFO: Registrierung erfolgreich {"username":"itkev1","email":"kevin.krummsdorf1995@outlook.de"}
[2025-05-09T16:27:32.630261+02:00] INFO: Registrierung gestartet 
[2025-05-09T16:27:34.513019+02:00] INFO: Registrierung erfolgreich {"username":"itkev1","email":"kevin.krummsdorf1995@outlook.de"}
[2025-05-09T16:30:29.234990+02:00] INFO: Registrierung gestartet 
[2025-05-09T16:30:31.139526+02:00] INFO: Registrierung erfolgreich {"username":"itkev1","email":"kevin.krummsdorf1995@outlook.de"}
[2025-05-09T16:33:06.173524+02:00] INFO: Registrierung gestartet 
[2025-05-09T16:33:08.793812+02:00] INFO: Registrierung erfolgreich {"username":"itkev1","email":"kevin.krummsdorf1995@outlook.de"}
[2025-05-09T16:35:38.522432+02:00] INFO: Registrierung gestartet 
[2025-05-09T16:35:40.439374+02:00] INFO: Registrierung erfolgreich {"username":"itkev1","email":"kevin.krummsdorf1995@outlook.de"}
[2025-05-09T16:37:29.202802+02:00] INFO: Registrierung gestartet 
[2025-05-09T16:37:31.840972+02:00] INFO: Registrierung erfolgreich {"username":"itkev1","email":"kevin.krummsdorf1995@outlook.de"}
[2025-05-09T16:41:40.542327+02:00] INFO: Registrierung gestartet 
[2025-05-09T16:41:43.170447+02:00] INFO: Registrierung erfolgreich {"username":"itkev1","email":"kevin.krummsdorf1995@outlook.de"}
[2025-05-09T16:44:14.837898+02:00] INFO: Registrierung gestartet 
[2025-05-09T16:44:16.678685+02:00] INFO: Registrierung erfolgreich {"username":"admin","email":"admin@admin.de"}
[2025-05-09T16:48:03.066902+02:00] INFO: Registrierung gestartet 
[2025-05-09T16:48:04.949177+02:00] INFO: Registrierung erfolgreich {"username":"admin2","email":"admin2@admin.de"}
[2025-05-09T16:50:00.754260+02:00] INFO: Registrierung gestartet 
[2025-05-09T16:50:02.677063+02:00] INFO: Registrierung erfolgreich {"username":"admin3","email":"admin3@admin.de"}
[2025-05-09T16:50:58.780808+02:00] INFO: Registrierung gestartet 
[2025-05-09T16:51:00.599053+02:00] INFO: Registrierung erfolgreich {"username":"admin4","email":"admin4@admin.de"}
[2025-05-09T16:51:58.186058+02:00] INFO: Registrierung gestartet 
[2025-05-09T16:52:00.777297+02:00] INFO: Registrierung erfolgreich {"username":"admin5","email":"admin5@admin.de"}
[2025-05-09T16:53:32.076320+02:00] INFO: Registrierung gestartet 
[2025-05-09T16:53:33.943474+02:00] INFO: Registrierung erfolgreich {"username":"admin6","email":"admin6@admin.de"}
[2025-05-09T17:11:04.766478+02:00] INFO: Registrierung gestartet 
[2025-05-09T17:11:06.664992+02:00] INFO: Registrierung erfolgreich {"username":"admin7","email":"admin7@admin.de"}
[2025-05-09T17:12:34.999274+02:00] INFO: Registrierung gestartet 
[2025-05-09T17:12:36.795137+02:00] INFO: Registrierung erfolgreich {"username":"admin8","email":"admin8@admin.de"}
[2025-05-09T17:14:11.621434+02:00] INFO: Registrierung gestartet 
[2025-05-09T17:14:13.445473+02:00] INFO: Registrierung erfolgreich {"username":"admin9","email":"admin9@admin.de"}
[2025-05-09T17:15:56.259560+02:00] INFO: Registrierung gestartet 
[2025-05-09T17:15:58.203409+02:00] INFO: Registrierung erfolgreich {"username":"admin10","email":"admin10@admin.de"}
[2025-05-09T17:17:38.747366+02:00] INFO: Registrierung gestartet 
[2025-05-09T17:17:40.545061+02:00] INFO: Registrierung erfolgreich {"username":"admin11","email":"admin11@admin.de"}
[2025-05-09T17:22:41.678818+02:00] INFO: Registrierung gestartet 
[2025-05-09T17:22:43.481816+02:00] INFO: Registrierung erfolgreich {"username":"admin12","email":"admin12@admin.de"}
[2025-05-09T17:24:38.914210+02:00] INFO: Registrierung gestartet 
[2025-05-09T17:24:40.760799+02:00] INFO: Registrierung erfolgreich {"username":"admin13","email":"admin13@admin.de"}
[2025-05-09T17:27:21.908385+02:00] INFO: Registrierung gestartet 
[2025-05-09T17:27:23.998711+02:00] INFO: Registrierung erfolgreich {"username":"admin14","email":"admin14@admin.de"}
[2025-05-09T17:55:47.694956+02:00] INFO: Registrierung gestartet 
[2025-05-09T17:55:49.830265+02:00] INFO: Registrierung erfolgreich {"username":"admin15","email":"admin15@admin.de"}
